<?xml version="1.0" encoding="UTF-8"?>
<coverage generated="1736559722126" clover="3.2.0">
  <project timestamp="1736559722126" name="All files">
    <metrics statements="113" coveredstatements="99" conditionals="61" coveredconditionals="59" methods="10" coveredmethods="10" elements="184" coveredelements="168" complexity="0" loc="113" ncloc="113" packages="1" files="1" classes="1"/>
    <file name="index.js" path="/workspace/chroniclesync/worker/src/index.js">
      <metrics statements="113" coveredstatements="99" conditionals="61" coveredconditionals="59" methods="10" coveredmethods="10"/>
      <line num="3" count="1" type="stmt"/>
      <line num="4" count="1" type="stmt"/>
      <line num="6" count="1" type="stmt"/>
      <line num="7" count="1" type="stmt"/>
      <line num="8" count="1" type="stmt"/>
      <line num="9" count="1" type="stmt"/>
      <line num="10" count="1" type="stmt"/>
      <line num="11" count="1" type="stmt"/>
      <line num="12" count="1" type="stmt"/>
      <line num="13" count="1" type="stmt"/>
      <line num="15" count="1" type="stmt"/>
      <line num="20" count="24" type="stmt"/>
      <line num="29" count="24" type="cond" truecount="2" falsecount="0"/>
      <line num="30" count="13" type="cond" truecount="4" falsecount="0"/>
      <line num="31" count="5" type="stmt"/>
      <line num="33" count="8" type="cond" truecount="2" falsecount="0"/>
      <line num="34" count="3" type="cond" truecount="2" falsecount="0"/>
      <line num="37" count="5" type="stmt"/>
      <line num="40" count="24" type="cond" truecount="2" falsecount="0"/>
      <line num="42" count="24" type="stmt"/>
      <line num="51" count="24" type="stmt"/>
      <line num="52" count="24" type="stmt"/>
      <line num="53" count="24" type="cond" truecount="2" falsecount="0"/>
      <line num="56" count="24" type="cond" truecount="2" falsecount="0"/>
      <line num="57" count="1" type="stmt"/>
      <line num="63" count="23" type="cond" truecount="2" falsecount="0"/>
      <line num="64" count="12" type="stmt"/>
      <line num="65" count="12" type="cond" truecount="2" falsecount="0"/>
      <line num="66" count="1" type="stmt"/>
      <line num="73" count="11" type="cond" truecount="2" falsecount="0"/>
      <line num="74" count="1" type="stmt"/>
      <line num="77" count="10" type="cond" truecount="2" falsecount="0"/>
      <line num="78" count="4" type="stmt"/>
      <line num="81" count="6" type="cond" truecount="2" falsecount="0"/>
      <line num="82" count="2" type="stmt"/>
      <line num="85" count="4" type="cond" truecount="1" falsecount="1"/>
      <line num="86" count="4" type="stmt"/>
      <line num="91" count="11" type="cond" truecount="2" falsecount="0"/>
      <line num="92" count="1" type="stmt"/>
      <line num="98" count="10" type="cond" truecount="2" falsecount="0"/>
      <line num="99" count="6" type="stmt"/>
      <line num="102" count="4" type="cond" truecount="2" falsecount="0"/>
      <line num="103" count="3" type="stmt"/>
      <line num="106" count="1" type="stmt"/>
      <line num="113" count="1" type="stmt"/>
      <line num="115" count="1" type="stmt"/>
      <line num="116" count="1" type="stmt"/>
      <line num="119" count="1" type="stmt"/>
      <line num="121" count="1" type="cond" truecount="3" falsecount="1"/>
      <line num="122" count="0" type="stmt"/>
      <line num="128" count="0" type="stmt"/>
      <line num="129" count="0" type="stmt"/>
      <line num="135" count="1" type="stmt"/>
      <line num="139" count="1" type="stmt"/>
      <line num="140" count="1" type="stmt"/>
      <line num="141" count="0" type="stmt"/>
      <line num="142" count="0" type="stmt"/>
      <line num="143" count="0" type="stmt"/>
      <line num="144" count="0" type="stmt"/>
      <line num="145" count="0" type="stmt"/>
      <line num="147" count="0" type="stmt"/>
      <line num="153" count="0" type="stmt"/>
      <line num="154" count="0" type="stmt"/>
      <line num="163" count="1" type="stmt"/>
      <line num="170" count="0" type="stmt"/>
      <line num="171" count="0" type="stmt"/>
      <line num="179" count="4" type="cond" truecount="2" falsecount="0"/>
      <line num="180" count="4" type="cond" truecount="2" falsecount="0"/>
      <line num="181" count="1" type="stmt"/>
      <line num="187" count="3" type="cond" truecount="2" falsecount="0"/>
      <line num="188" count="2" type="stmt"/>
      <line num="190" count="2" type="stmt"/>
      <line num="191" count="1" type="stmt"/>
      <line num="192" count="0" type="stmt"/>
      <line num="196" count="1" type="stmt"/>
      <line num="200" count="1" type="stmt"/>
      <line num="205" count="1" type="stmt"/>
      <line num="206" count="1" type="stmt"/>
      <line num="213" count="1" type="stmt"/>
      <line num="220" count="2" type="cond" truecount="2" falsecount="0"/>
      <line num="221" count="2" type="stmt"/>
      <line num="234" count="2" type="stmt"/>
      <line num="236" count="2" type="stmt"/>
      <line num="237" count="1" type="stmt"/>
      <line num="239" count="1" type="stmt"/>
      <line num="242" count="2" type="stmt"/>
      <line num="244" count="2" type="stmt"/>
      <line num="245" count="1" type="stmt"/>
      <line num="247" count="1" type="stmt"/>
      <line num="250" count="2" type="stmt"/>
      <line num="259" count="4" type="cond" truecount="2" falsecount="0"/>
      <line num="260" count="4" type="cond" truecount="2" falsecount="0"/>
      <line num="261" count="1" type="stmt"/>
      <line num="267" count="3" type="stmt"/>
      <line num="270" count="3" type="stmt"/>
      <line num="271" count="3" type="cond" truecount="2" falsecount="0"/>
      <line num="272" count="1" type="stmt"/>
      <line num="278" count="2" type="cond" truecount="2" falsecount="0"/>
      <line num="279" count="1" type="stmt"/>
      <line num="287" count="1" type="stmt"/>
      <line num="299" count="6" type="cond" truecount="2" falsecount="0"/>
      <line num="300" count="6" type="stmt"/>
      <line num="301" count="6" type="cond" truecount="2" falsecount="0"/>
      <line num="302" count="5" type="stmt"/>
      <line num="308" count="1" type="stmt"/>
      <line num="318" count="3" type="cond" truecount="2" falsecount="0"/>
      <line num="320" count="3" type="stmt"/>
      <line num="321" count="3" type="stmt"/>
      <line num="324" count="2" type="stmt"/>
      <line num="327" count="1" type="stmt"/>
      <line num="332" count="1" type="stmt"/>
      <line num="340" count="2" type="stmt"/>
      <line num="341" count="2" type="stmt"/>
    </file>
  </project>
</coverage>
