<?xml version="1.0" encoding="UTF-8"?>
<coverage generated="1736594855982" clover="3.2.0">
  <project timestamp="1736594855982" name="All files">
    <metrics statements="164" coveredstatements="150" conditionals="68" coveredconditionals="65" methods="11" coveredmethods="11" elements="243" coveredelements="226" complexity="0" loc="164" ncloc="164" packages="1" files="1" classes="1"/>
    <file name="index.js" path="/workspace/chroniclesync/worker/src/index.js">
      <metrics statements="164" coveredstatements="150" conditionals="68" coveredconditionals="65" methods="11" coveredmethods="11"/>
      <line num="3" count="1" type="stmt"/>
      <line num="4" count="1" type="stmt"/>
      <line num="6" count="1" type="stmt"/>
      <line num="7" count="1" type="stmt"/>
      <line num="8" count="1" type="stmt"/>
      <line num="9" count="1" type="stmt"/>
      <line num="10" count="1" type="stmt"/>
      <line num="11" count="1" type="stmt"/>
      <line num="12" count="1" type="stmt"/>
      <line num="13" count="1" type="stmt"/>
      <line num="15" count="1" type="stmt"/>
      <line num="19" count="58" type="stmt"/>
      <line num="20" count="58" type="stmt"/>
      <line num="26" count="58" type="stmt"/>
      <line num="31" count="29" type="stmt"/>
      <line num="40" count="29" type="cond" truecount="2" falsecount="0"/>
      <line num="41" count="13" type="cond" truecount="4" falsecount="0"/>
      <line num="42" count="5" type="stmt"/>
      <line num="44" count="8" type="cond" truecount="2" falsecount="0"/>
      <line num="45" count="3" type="cond" truecount="2" falsecount="0"/>
      <line num="48" count="5" type="stmt"/>
      <line num="51" count="29" type="cond" truecount="2" falsecount="0"/>
      <line num="53" count="29" type="stmt"/>
      <line num="62" count="29" type="stmt"/>
      <line num="63" count="29" type="stmt"/>
      <line num="64" count="29" type="cond" truecount="2" falsecount="0"/>
      <line num="66" count="29" type="stmt"/>
      <line num="75" count="29" type="cond" truecount="2" falsecount="0"/>
      <line num="76" count="1" type="stmt"/>
      <line num="82" count="28" type="cond" truecount="2" falsecount="0"/>
      <line num="83" count="17" type="stmt"/>
      <line num="84" count="17" type="cond" truecount="2" falsecount="0"/>
      <line num="85" count="1" type="stmt"/>
      <line num="92" count="16" type="cond" truecount="2" falsecount="0"/>
      <line num="93" count="1" type="stmt"/>
      <line num="96" count="15" type="cond" truecount="2" falsecount="0"/>
      <line num="97" count="4" type="stmt"/>
      <line num="100" count="11" type="cond" truecount="2" falsecount="0"/>
      <line num="101" count="5" type="stmt"/>
      <line num="104" count="6" type="cond" truecount="1" falsecount="1"/>
      <line num="105" count="6" type="stmt"/>
      <line num="110" count="11" type="cond" truecount="2" falsecount="0"/>
      <line num="111" count="1" type="stmt"/>
      <line num="117" count="10" type="cond" truecount="2" falsecount="0"/>
      <line num="118" count="6" type="stmt"/>
      <line num="121" count="4" type="cond" truecount="2" falsecount="0"/>
      <line num="122" count="3" type="stmt"/>
      <line num="125" count="1" type="stmt"/>
      <line num="132" count="1" type="stmt"/>
      <line num="134" count="1" type="stmt"/>
      <line num="135" count="1" type="stmt"/>
      <line num="138" count="1" type="stmt"/>
      <line num="140" count="1" type="cond" truecount="3" falsecount="1"/>
      <line num="141" count="0" type="stmt"/>
      <line num="147" count="0" type="stmt"/>
      <line num="148" count="0" type="stmt"/>
      <line num="154" count="1" type="stmt"/>
      <line num="158" count="1" type="stmt"/>
      <line num="159" count="1" type="stmt"/>
      <line num="160" count="0" type="stmt"/>
      <line num="161" count="0" type="stmt"/>
      <line num="162" count="0" type="stmt"/>
      <line num="163" count="0" type="stmt"/>
      <line num="164" count="0" type="stmt"/>
      <line num="166" count="0" type="stmt"/>
      <line num="172" count="0" type="stmt"/>
      <line num="173" count="0" type="stmt"/>
      <line num="182" count="1" type="stmt"/>
      <line num="189" count="0" type="stmt"/>
      <line num="190" count="0" type="stmt"/>
      <line num="198" count="4" type="cond" truecount="2" falsecount="0"/>
      <line num="199" count="4" type="cond" truecount="2" falsecount="0"/>
      <line num="200" count="1" type="stmt"/>
      <line num="206" count="3" type="cond" truecount="2" falsecount="0"/>
      <line num="207" count="2" type="stmt"/>
      <line num="209" count="2" type="stmt"/>
      <line num="210" count="1" type="stmt"/>
      <line num="211" count="0" type="stmt"/>
      <line num="215" count="1" type="stmt"/>
      <line num="219" count="1" type="stmt"/>
      <line num="220" count="1" type="stmt"/>
      <line num="225" count="1" type="stmt"/>
      <line num="226" count="1" type="stmt"/>
      <line num="233" count="1" type="stmt"/>
      <line num="240" count="5" type="cond" truecount="2" falsecount="0"/>
      <line num="241" count="5" type="stmt"/>
      <line num="272" count="5" type="stmt"/>
      <line num="273" count="5" type="stmt"/>
      <line num="275" count="5" type="stmt"/>
      <line num="276" count="3" type="stmt"/>
      <line num="279" count="3" type="stmt"/>
      <line num="282" count="3" type="stmt"/>
      <line num="285" count="3" type="stmt"/>
      <line num="286" count="3" type="stmt"/>
      <line num="289" count="3" type="stmt"/>
      <line num="292" count="3" type="stmt"/>
      <line num="295" count="3" type="stmt"/>
      <line num="298" count="3" type="stmt"/>
      <line num="301" count="3" type="stmt"/>
      <line num="302" count="3" type="stmt"/>
      <line num="303" count="3" type="stmt"/>
      <line num="305" count="2" type="stmt"/>
      <line num="306" count="2" type="stmt"/>
      <line num="307" count="2" type="stmt"/>
      <line num="311" count="5" type="stmt"/>
      <line num="312" count="5" type="stmt"/>
      <line num="313" count="5" type="stmt"/>
      <line num="314" count="5" type="stmt"/>
      <line num="317" count="5" type="stmt"/>
      <line num="318" count="3" type="stmt"/>
      <line num="321" count="3" type="stmt"/>
      <line num="322" count="3" type="stmt"/>
      <line num="325" count="3" type="stmt"/>
      <line num="326" count="3" type="stmt"/>
      <line num="327" count="2" type="stmt"/>
      <line num="330" count="2" type="stmt"/>
      <line num="331" count="2" type="stmt"/>
      <line num="334" count="2" type="stmt"/>
      <line num="335" count="2" type="stmt"/>
      <line num="336" count="2" type="stmt"/>
      <line num="338" count="3" type="stmt"/>
      <line num="339" count="3" type="stmt"/>
      <line num="340" count="3" type="stmt"/>
      <line num="343" count="5" type="stmt"/>
      <line num="352" count="6" type="cond" truecount="2" falsecount="0"/>
      <line num="353" count="6" type="cond" truecount="2" falsecount="0"/>
      <line num="354" count="1" type="stmt"/>
      <line num="360" count="5" type="stmt"/>
      <line num="362" count="5" type="stmt"/>
      <line num="363" count="5" type="cond" truecount="2" falsecount="0"/>
      <line num="364" count="1" type="stmt"/>
      <line num="370" count="4" type="stmt"/>
      <line num="371" count="4" type="cond" truecount="2" falsecount="0"/>
      <line num="373" count="2" type="stmt"/>
      <line num="383" count="1" type="stmt"/>
      <line num="388" count="1" type="stmt"/>
      <line num="389" count="1" type="stmt"/>
      <line num="400" count="2" type="cond" truecount="2" falsecount="0"/>
      <line num="402" count="1" type="stmt"/>
      <line num="407" count="1" type="stmt"/>
      <line num="412" count="1" type="stmt"/>
      <line num="413" count="1" type="stmt"/>
      <line num="426" count="1" type="cond" truecount="1" falsecount="1"/>
      <line num="428" count="1" type="stmt"/>
      <line num="429" count="1" type="stmt"/>
      <line num="432" count="1" type="stmt"/>
      <line num="434" count="1" type="stmt"/>
      <line num="435" count="1" type="stmt"/>
      <line num="447" count="1" type="stmt"/>
      <line num="448" count="1" type="stmt"/>
      <line num="462" count="6" type="cond" truecount="2" falsecount="0"/>
      <line num="463" count="6" type="stmt"/>
      <line num="464" count="6" type="cond" truecount="2" falsecount="0"/>
      <line num="465" count="5" type="stmt"/>
      <line num="471" count="1" type="stmt"/>
      <line num="481" count="3" type="cond" truecount="2" falsecount="0"/>
      <line num="483" count="3" type="stmt"/>
      <line num="484" count="3" type="stmt"/>
      <line num="487" count="2" type="stmt"/>
      <line num="490" count="1" type="stmt"/>
      <line num="495" count="1" type="stmt"/>
      <line num="496" count="1" type="stmt"/>
      <line num="504" count="2" type="stmt"/>
      <line num="505" count="2" type="stmt"/>
    </file>
  </project>
</coverage>
