{"/workspace/chroniclesync/worker/src/index.js": {"path":"/workspace/chroniclesync/worker/src/index.js","statementMap":{"0":{"start":{"line":3,"column":15},"end":{"line":3,"column":64}},"1":{"start":{"line":4,"column":17},"end":{"line":4,"column":101}},"2":{"start":{"line":6,"column":12},"end":{"line":6,"column":26}},"3":{"start":{"line":7,"column":18},"end":{"line":7,"column":37}},"4":{"start":{"line":8,"column":14},"end":{"line":8,"column":53}},"5":{"start":{"line":9,"column":16},"end":{"line":9,"column":39}},"6":{"start":{"line":10,"column":15},"end":{"line":10,"column":33}},"7":{"start":{"line":11,"column":16},"end":{"line":11,"column":56}},"8":{"start":{"line":12,"column":18},"end":{"line":12,"column":60}},"9":{"start":{"line":13,"column":18},"end":{"line":13,"column":60}},"10":{"start":{"line":15,"column":2},"end":{"line":15,"column":82}},"11":{"start":{"line":19,"column":20},"end":{"line":19,"column":44}},"12":{"start":{"line":20,"column":19},"end":{"line":25,"column":3}},"13":{"start":{"line":26,"column":2},"end":{"line":26,"column":40}},"14":{"start":{"line":31,"column":27},"end":{"line":38,"column":5}},"15":{"start":{"line":40,"column":22},"end":{"line":49,"column":6}},"16":{"start":{"line":41,"column":6},"end":{"line":43,"column":7}},"17":{"start":{"line":42,"column":8},"end":{"line":42,"column":45}},"18":{"start":{"line":44,"column":6},"end":{"line":47,"column":7}},"19":{"start":{"line":45,"column":8},"end":{"line":46,"column":41}},"20":{"start":{"line":48,"column":6},"end":{"line":48,"column":44}},"21":{"start":{"line":51,"column":24},"end":{"line":51,"column":72}},"22":{"start":{"line":53,"column":4},"end":{"line":58,"column":6}},"23":{"start":{"line":62,"column":16},"end":{"line":62,"column":36}},"24":{"start":{"line":63,"column":21},"end":{"line":63,"column":53}},"25":{"start":{"line":64,"column":19},"end":{"line":64,"column":55}},"26":{"start":{"line":66,"column":4},"end":{"line":72,"column":7}},"27":{"start":{"line":75,"column":4},"end":{"line":79,"column":5}},"28":{"start":{"line":76,"column":6},"end":{"line":78,"column":9}},"29":{"start":{"line":82,"column":4},"end":{"line":107,"column":5}},"30":{"start":{"line":83,"column":25},"end":{"line":83,"column":61}},"31":{"start":{"line":84,"column":6},"end":{"line":89,"column":7}},"32":{"start":{"line":85,"column":8},"end":{"line":88,"column":11}},"33":{"start":{"line":92,"column":6},"end":{"line":94,"column":7}},"34":{"start":{"line":93,"column":8},"end":{"line":93,"column":59}},"35":{"start":{"line":96,"column":6},"end":{"line":98,"column":7}},"36":{"start":{"line":97,"column":8},"end":{"line":97,"column":68}},"37":{"start":{"line":100,"column":6},"end":{"line":102,"column":7}},"38":{"start":{"line":101,"column":8},"end":{"line":101,"column":58}},"39":{"start":{"line":104,"column":6},"end":{"line":106,"column":7}},"40":{"start":{"line":105,"column":8},"end":{"line":105,"column":60}},"41":{"start":{"line":110,"column":4},"end":{"line":115,"column":5}},"42":{"start":{"line":111,"column":6},"end":{"line":114,"column":9}},"43":{"start":{"line":117,"column":4},"end":{"line":119,"column":5}},"44":{"start":{"line":118,"column":6},"end":{"line":118,"column":64}},"45":{"start":{"line":121,"column":4},"end":{"line":123,"column":5}},"46":{"start":{"line":122,"column":6},"end":{"line":122,"column":65}},"47":{"start":{"line":125,"column":4},"end":{"line":128,"column":7}},"48":{"start":{"line":132,"column":4},"end":{"line":194,"column":5}},"49":{"start":{"line":134,"column":6},"end":{"line":152,"column":7}},"50":{"start":{"line":135,"column":27},"end":{"line":137,"column":15}},"51":{"start":{"line":138,"column":8},"end":{"line":138,"column":55}},"52":{"start":{"line":140,"column":8},"end":{"line":145,"column":9}},"53":{"start":{"line":141,"column":10},"end":{"line":144,"column":13}},"54":{"start":{"line":147,"column":8},"end":{"line":147,"column":73}},"55":{"start":{"line":148,"column":8},"end":{"line":151,"column":11}},"56":{"start":{"line":154,"column":22},"end":{"line":156,"column":13}},"57":{"start":{"line":158,"column":20},"end":{"line":158,"column":22}},"58":{"start":{"line":159,"column":6},"end":{"line":180,"column":7}},"59":{"start":{"line":160,"column":8},"end":{"line":179,"column":9}},"60":{"start":{"line":161,"column":26},"end":{"line":161,"column":84}},"61":{"start":{"line":162,"column":26},"end":{"line":162,"column":27}},"62":{"start":{"line":163,"column":10},"end":{"line":165,"column":11}},"63":{"start":{"line":164,"column":12},"end":{"line":164,"column":34}},"64":{"start":{"line":166,"column":10},"end":{"line":170,"column":13}},"65":{"start":{"line":172,"column":10},"end":{"line":172,"column":114}},"66":{"start":{"line":173,"column":10},"end":{"line":178,"column":13}},"67":{"start":{"line":182,"column":6},"end":{"line":187,"column":9}},"68":{"start":{"line":189,"column":6},"end":{"line":189,"column":70}},"69":{"start":{"line":190,"column":6},"end":{"line":193,"column":9}},"70":{"start":{"line":198,"column":19},"end":{"line":198,"column":55}},"71":{"start":{"line":199,"column":4},"end":{"line":204,"column":5}},"72":{"start":{"line":200,"column":6},"end":{"line":203,"column":9}},"73":{"start":{"line":206,"column":4},"end":{"line":231,"column":5}},"74":{"start":{"line":207,"column":6},"end":{"line":230,"column":7}},"75":{"start":{"line":209,"column":24},"end":{"line":209,"column":74}},"76":{"start":{"line":210,"column":8},"end":{"line":212,"column":9}},"77":{"start":{"line":211,"column":10},"end":{"line":211,"column":44}},"78":{"start":{"line":215,"column":8},"end":{"line":217,"column":17}},"79":{"start":{"line":219,"column":8},"end":{"line":219,"column":65}},"80":{"start":{"line":220,"column":8},"end":{"line":223,"column":11}},"81":{"start":{"line":225,"column":8},"end":{"line":225,"column":68}},"82":{"start":{"line":226,"column":8},"end":{"line":229,"column":11}},"83":{"start":{"line":233,"column":4},"end":{"line":236,"column":7}},"84":{"start":{"line":240,"column":19},"end":{"line":240,"column":55}},"85":{"start":{"line":241,"column":19},"end":{"line":269,"column":5}},"86":{"start":{"line":272,"column":4},"end":{"line":272,"column":50}},"87":{"start":{"line":273,"column":4},"end":{"line":308,"column":5}},"88":{"start":{"line":275,"column":23},"end":{"line":275,"column":71}},"89":{"start":{"line":276,"column":6},"end":{"line":276,"column":61}},"90":{"start":{"line":279,"column":25},"end":{"line":281,"column":15}},"91":{"start":{"line":282,"column":6},"end":{"line":282,"column":63}},"92":{"start":{"line":285,"column":27},"end":{"line":285,"column":61}},"93":{"start":{"line":286,"column":6},"end":{"line":288,"column":36}},"94":{"start":{"line":289,"column":6},"end":{"line":289,"column":46}},"95":{"start":{"line":292,"column":23},"end":{"line":294,"column":34}},"96":{"start":{"line":295,"column":6},"end":{"line":295,"column":76}},"97":{"start":{"line":298,"column":6},"end":{"line":298,"column":95}},"98":{"start":{"line":301,"column":6},"end":{"line":301,"column":36}},"99":{"start":{"line":302,"column":6},"end":{"line":302,"column":60}},"100":{"start":{"line":303,"column":6},"end":{"line":303,"column":83}},"101":{"start":{"line":305,"column":6},"end":{"line":305,"column":66}},"102":{"start":{"line":306,"column":6},"end":{"line":306,"column":40}},"103":{"start":{"line":307,"column":6},"end":{"line":307,"column":56}},"104":{"start":{"line":311,"column":4},"end":{"line":311,"column":49}},"105":{"start":{"line":312,"column":4},"end":{"line":341,"column":5}},"106":{"start":{"line":313,"column":22},"end":{"line":313,"column":56}},"107":{"start":{"line":314,"column":23},"end":{"line":314,"column":55}},"108":{"start":{"line":317,"column":6},"end":{"line":317,"column":43}},"109":{"start":{"line":318,"column":6},"end":{"line":318,"column":45}},"110":{"start":{"line":321,"column":6},"end":{"line":321,"column":47}},"111":{"start":{"line":322,"column":6},"end":{"line":322,"column":45}},"112":{"start":{"line":325,"column":25},"end":{"line":325,"column":55}},"113":{"start":{"line":326,"column":23},"end":{"line":326,"column":46}},"114":{"start":{"line":327,"column":6},"end":{"line":327,"column":61}},"115":{"start":{"line":330,"column":6},"end":{"line":330,"column":40}},"116":{"start":{"line":331,"column":6},"end":{"line":331,"column":46}},"117":{"start":{"line":334,"column":6},"end":{"line":334,"column":35}},"118":{"start":{"line":335,"column":6},"end":{"line":335,"column":58}},"119":{"start":{"line":336,"column":6},"end":{"line":336,"column":81}},"120":{"start":{"line":338,"column":6},"end":{"line":338,"column":65}},"121":{"start":{"line":339,"column":6},"end":{"line":339,"column":39}},"122":{"start":{"line":340,"column":6},"end":{"line":340,"column":54}},"123":{"start":{"line":343,"column":4},"end":{"line":348,"column":7}},"124":{"start":{"line":352,"column":19},"end":{"line":352,"column":55}},"125":{"start":{"line":353,"column":4},"end":{"line":358,"column":5}},"126":{"start":{"line":354,"column":6},"end":{"line":357,"column":9}},"127":{"start":{"line":360,"column":23},"end":{"line":360,"column":43}},"128":{"start":{"line":362,"column":25},"end":{"line":362,"column":75}},"129":{"start":{"line":363,"column":4},"end":{"line":368,"column":5}},"130":{"start":{"line":364,"column":6},"end":{"line":367,"column":9}},"131":{"start":{"line":370,"column":4},"end":{"line":458,"column":5}},"132":{"start":{"line":371,"column":6},"end":{"line":398,"column":7}},"133":{"start":{"line":373,"column":8},"end":{"line":380,"column":17}},"134":{"start":{"line":383,"column":8},"end":{"line":386,"column":11}},"135":{"start":{"line":388,"column":8},"end":{"line":388,"column":57}},"136":{"start":{"line":389,"column":8},"end":{"line":397,"column":11}},"137":{"start":{"line":400,"column":6},"end":{"line":424,"column":7}},"138":{"start":{"line":402,"column":23},"end":{"line":405,"column":16}},"139":{"start":{"line":407,"column":24},"end":{"line":410,"column":16}},"140":{"start":{"line":412,"column":8},"end":{"line":412,"column":102}},"141":{"start":{"line":413,"column":8},"end":{"line":423,"column":11}},"142":{"start":{"line":426,"column":6},"end":{"line":445,"column":7}},"143":{"start":{"line":428,"column":8},"end":{"line":428,"column":54}},"144":{"start":{"line":429,"column":8},"end":{"line":429,"column":45}},"145":{"start":{"line":432,"column":31},"end":{"line":432,"column":83}},"146":{"start":{"line":434,"column":8},"end":{"line":434,"column":93}},"147":{"start":{"line":435,"column":8},"end":{"line":444,"column":11}},"148":{"start":{"line":447,"column":6},"end":{"line":447,"column":74}},"149":{"start":{"line":448,"column":6},"end":{"line":457,"column":9}},"150":{"start":{"line":462,"column":19},"end":{"line":462,"column":55}},"151":{"start":{"line":463,"column":17},"end":{"line":463,"column":58}},"152":{"start":{"line":464,"column":4},"end":{"line":469,"column":5}},"153":{"start":{"line":465,"column":6},"end":{"line":468,"column":9}},"154":{"start":{"line":471,"column":4},"end":{"line":477,"column":7}},"155":{"start":{"line":481,"column":19},"end":{"line":481,"column":55}},"156":{"start":{"line":483,"column":4},"end":{"line":512,"column":5}},"157":{"start":{"line":484,"column":19},"end":{"line":484,"column":39}},"158":{"start":{"line":487,"column":6},"end":{"line":487,"column":70}},"159":{"start":{"line":490,"column":6},"end":{"line":493,"column":58}},"160":{"start":{"line":495,"column":6},"end":{"line":495,"column":67}},"161":{"start":{"line":496,"column":6},"end":{"line":502,"column":9}},"162":{"start":{"line":504,"column":6},"end":{"line":504,"column":74}},"163":{"start":{"line":505,"column":6},"end":{"line":511,"column":9}}},"fnMap":{"0":{"name":"formatDate","decl":{"start":{"line":1,"column":9},"end":{"line":1,"column":19}},"loc":{"start":{"line":1,"column":26},"end":{"line":16,"column":1}},"line":1},"1":{"name":"log","decl":{"start":{"line":18,"column":9},"end":{"line":18,"column":12}},"loc":{"start":{"line":18,"column":42},"end":{"line":27,"column":1}},"line":18},"2":{"name":"(anonymous_2)","decl":{"start":{"line":30,"column":2},"end":{"line":30,"column":3}},"loc":{"start":{"line":30,"column":28},"end":{"line":59,"column":3}},"line":30},"3":{"name":"(anonymous_3)","decl":{"start":{"line":40,"column":67},"end":{"line":40,"column":68}},"loc":{"start":{"line":40,"column":77},"end":{"line":49,"column":5}},"line":40},"4":{"name":"(anonymous_4)","decl":{"start":{"line":61,"column":2},"end":{"line":61,"column":3}},"loc":{"start":{"line":61,"column":28},"end":{"line":129,"column":3}},"line":61},"5":{"name":"(anonymous_5)","decl":{"start":{"line":131,"column":2},"end":{"line":131,"column":3}},"loc":{"start":{"line":131,"column":41},"end":{"line":195,"column":3}},"line":131},"6":{"name":"(anonymous_6)","decl":{"start":{"line":197,"column":2},"end":{"line":197,"column":3}},"loc":{"start":{"line":197,"column":50},"end":{"line":237,"column":3}},"line":197},"7":{"name":"(anonymous_7)","decl":{"start":{"line":239,"column":2},"end":{"line":239,"column":3}},"loc":{"start":{"line":239,"column":40},"end":{"line":349,"column":3}},"line":239},"8":{"name":"(anonymous_8)","decl":{"start":{"line":351,"column":2},"end":{"line":351,"column":3}},"loc":{"start":{"line":351,"column":42},"end":{"line":459,"column":3}},"line":351},"9":{"name":"(anonymous_9)","decl":{"start":{"line":461,"column":2},"end":{"line":461,"column":3}},"loc":{"start":{"line":461,"column":48},"end":{"line":478,"column":3}},"line":461},"10":{"name":"(anonymous_10)","decl":{"start":{"line":480,"column":2},"end":{"line":480,"column":3}},"loc":{"start":{"line":480,"column":49},"end":{"line":513,"column":3}},"line":480}},"branchMap":{"0":{"loc":{"start":{"line":18,"column":29},"end":{"line":18,"column":40}},"type":"default-arg","locations":[{"start":{"line":18,"column":36},"end":{"line":18,"column":40}}],"line":18},"1":{"loc":{"start":{"line":24,"column":8},"end":{"line":24,"column":24}},"type":"binary-expr","locations":[{"start":{"line":24,"column":8},"end":{"line":24,"column":12}},{"start":{"line":24,"column":16},"end":{"line":24,"column":24}}],"line":24},"2":{"loc":{"start":{"line":30,"column":14},"end":{"line":30,"column":26}},"type":"default-arg","locations":[{"start":{"line":30,"column":23},"end":{"line":30,"column":26}}],"line":30},"3":{"loc":{"start":{"line":40,"column":22},"end":{"line":49,"column":6}},"type":"cond-expr","locations":[{"start":{"line":40,"column":39},"end":{"line":40,"column":44}},{"start":{"line":40,"column":47},"end":{"line":49,"column":6}}],"line":40},"4":{"loc":{"start":{"line":41,"column":6},"end":{"line":43,"column":7}},"type":"if","locations":[{"start":{"line":41,"column":6},"end":{"line":43,"column":7}},{"start":{},"end":{}}],"line":41},"5":{"loc":{"start":{"line":41,"column":10},"end":{"line":41,"column":74}},"type":"binary-expr","locations":[{"start":{"line":41,"column":10},"end":{"line":41,"column":40}},{"start":{"line":41,"column":44},"end":{"line":41,"column":74}}],"line":41},"6":{"loc":{"start":{"line":44,"column":6},"end":{"line":47,"column":7}},"type":"if","locations":[{"start":{"line":44,"column":6},"end":{"line":47,"column":7}},{"start":{},"end":{}}],"line":44},"7":{"loc":{"start":{"line":45,"column":15},"end":{"line":46,"column":40}},"type":"binary-expr","locations":[{"start":{"line":45,"column":15},"end":{"line":45,"column":64}},{"start":{"line":46,"column":10},"end":{"line":46,"column":40}}],"line":45},"8":{"loc":{"start":{"line":51,"column":24},"end":{"line":51,"column":72}},"type":"cond-expr","locations":[{"start":{"line":51,"column":36},"end":{"line":51,"column":42}},{"start":{"line":51,"column":45},"end":{"line":51,"column":72}}],"line":51},"9":{"loc":{"start":{"line":64,"column":19},"end":{"line":64,"column":55}},"type":"binary-expr","locations":[{"start":{"line":64,"column":19},"end":{"line":64,"column":48}},{"start":{"line":64,"column":52},"end":{"line":64,"column":55}}],"line":64},"10":{"loc":{"start":{"line":75,"column":4},"end":{"line":79,"column":5}},"type":"if","locations":[{"start":{"line":75,"column":4},"end":{"line":79,"column":5}},{"start":{},"end":{}}],"line":75},"11":{"loc":{"start":{"line":82,"column":4},"end":{"line":107,"column":5}},"type":"if","locations":[{"start":{"line":82,"column":4},"end":{"line":107,"column":5}},{"start":{},"end":{}}],"line":82},"12":{"loc":{"start":{"line":84,"column":6},"end":{"line":89,"column":7}},"type":"if","locations":[{"start":{"line":84,"column":6},"end":{"line":89,"column":7}},{"start":{},"end":{}}],"line":84},"13":{"loc":{"start":{"line":92,"column":6},"end":{"line":94,"column":7}},"type":"if","locations":[{"start":{"line":92,"column":6},"end":{"line":94,"column":7}},{"start":{},"end":{}}],"line":92},"14":{"loc":{"start":{"line":96,"column":6},"end":{"line":98,"column":7}},"type":"if","locations":[{"start":{"line":96,"column":6},"end":{"line":98,"column":7}},{"start":{},"end":{}}],"line":96},"15":{"loc":{"start":{"line":100,"column":6},"end":{"line":102,"column":7}},"type":"if","locations":[{"start":{"line":100,"column":6},"end":{"line":102,"column":7}},{"start":{},"end":{}}],"line":100},"16":{"loc":{"start":{"line":104,"column":6},"end":{"line":106,"column":7}},"type":"if","locations":[{"start":{"line":104,"column":6},"end":{"line":106,"column":7}},{"start":{},"end":{}}],"line":104},"17":{"loc":{"start":{"line":110,"column":4},"end":{"line":115,"column":5}},"type":"if","locations":[{"start":{"line":110,"column":4},"end":{"line":115,"column":5}},{"start":{},"end":{}}],"line":110},"18":{"loc":{"start":{"line":117,"column":4},"end":{"line":119,"column":5}},"type":"if","locations":[{"start":{"line":117,"column":4},"end":{"line":119,"column":5}},{"start":{},"end":{}}],"line":117},"19":{"loc":{"start":{"line":121,"column":4},"end":{"line":123,"column":5}},"type":"if","locations":[{"start":{"line":121,"column":4},"end":{"line":123,"column":5}},{"start":{},"end":{}}],"line":121},"20":{"loc":{"start":{"line":140,"column":8},"end":{"line":145,"column":9}},"type":"if","locations":[{"start":{"line":140,"column":8},"end":{"line":145,"column":9}},{"start":{},"end":{}}],"line":140},"21":{"loc":{"start":{"line":140,"column":12},"end":{"line":140,"column":66}},"type":"binary-expr","locations":[{"start":{"line":140,"column":12},"end":{"line":140,"column":31}},{"start":{"line":140,"column":35},"end":{"line":140,"column":66}}],"line":140},"22":{"loc":{"start":{"line":198,"column":19},"end":{"line":198,"column":55}},"type":"binary-expr","locations":[{"start":{"line":198,"column":19},"end":{"line":198,"column":48}},{"start":{"line":198,"column":52},"end":{"line":198,"column":55}}],"line":198},"23":{"loc":{"start":{"line":199,"column":4},"end":{"line":204,"column":5}},"type":"if","locations":[{"start":{"line":199,"column":4},"end":{"line":204,"column":5}},{"start":{},"end":{}}],"line":199},"24":{"loc":{"start":{"line":206,"column":4},"end":{"line":231,"column":5}},"type":"if","locations":[{"start":{"line":206,"column":4},"end":{"line":231,"column":5}},{"start":{},"end":{}}],"line":206},"25":{"loc":{"start":{"line":240,"column":19},"end":{"line":240,"column":55}},"type":"binary-expr","locations":[{"start":{"line":240,"column":19},"end":{"line":240,"column":48}},{"start":{"line":240,"column":52},"end":{"line":240,"column":55}}],"line":240},"26":{"loc":{"start":{"line":352,"column":19},"end":{"line":352,"column":55}},"type":"binary-expr","locations":[{"start":{"line":352,"column":19},"end":{"line":352,"column":48}},{"start":{"line":352,"column":52},"end":{"line":352,"column":55}}],"line":352},"27":{"loc":{"start":{"line":353,"column":4},"end":{"line":358,"column":5}},"type":"if","locations":[{"start":{"line":353,"column":4},"end":{"line":358,"column":5}},{"start":{},"end":{}}],"line":353},"28":{"loc":{"start":{"line":363,"column":4},"end":{"line":368,"column":5}},"type":"if","locations":[{"start":{"line":363,"column":4},"end":{"line":368,"column":5}},{"start":{},"end":{}}],"line":363},"29":{"loc":{"start":{"line":371,"column":6},"end":{"line":398,"column":7}},"type":"if","locations":[{"start":{"line":371,"column":6},"end":{"line":398,"column":7}},{"start":{},"end":{}}],"line":371},"30":{"loc":{"start":{"line":400,"column":6},"end":{"line":424,"column":7}},"type":"if","locations":[{"start":{"line":400,"column":6},"end":{"line":424,"column":7}},{"start":{},"end":{}}],"line":400},"31":{"loc":{"start":{"line":426,"column":6},"end":{"line":445,"column":7}},"type":"if","locations":[{"start":{"line":426,"column":6},"end":{"line":445,"column":7}},{"start":{},"end":{}}],"line":426},"32":{"loc":{"start":{"line":462,"column":19},"end":{"line":462,"column":55}},"type":"binary-expr","locations":[{"start":{"line":462,"column":19},"end":{"line":462,"column":48}},{"start":{"line":462,"column":52},"end":{"line":462,"column":55}}],"line":462},"33":{"loc":{"start":{"line":464,"column":4},"end":{"line":469,"column":5}},"type":"if","locations":[{"start":{"line":464,"column":4},"end":{"line":469,"column":5}},{"start":{},"end":{}}],"line":464},"34":{"loc":{"start":{"line":481,"column":19},"end":{"line":481,"column":55}},"type":"binary-expr","locations":[{"start":{"line":481,"column":19},"end":{"line":481,"column":48}},{"start":{"line":481,"column":52},"end":{"line":481,"column":55}}],"line":481}},"s":{"0":1,"1":1,"2":1,"3":1,"4":1,"5":1,"6":1,"7":1,"8":1,"9":1,"10":1,"11":58,"12":58,"13":58,"14":29,"15":29,"16":13,"17":5,"18":8,"19":3,"20":5,"21":29,"22":29,"23":29,"24":29,"25":29,"26":29,"27":29,"28":1,"29":28,"30":17,"31":17,"32":1,"33":16,"34":1,"35":15,"36":4,"37":11,"38":5,"39":6,"40":6,"41":11,"42":1,"43":10,"44":6,"45":4,"46":3,"47":1,"48":1,"49":1,"50":1,"51":1,"52":1,"53":0,"54":0,"55":0,"56":1,"57":1,"58":1,"59":0,"60":0,"61":0,"62":0,"63":0,"64":0,"65":0,"66":0,"67":1,"68":0,"69":0,"70":4,"71":4,"72":1,"73":3,"74":2,"75":2,"76":1,"77":0,"78":1,"79":1,"80":1,"81":1,"82":1,"83":1,"84":5,"85":5,"86":5,"87":5,"88":5,"89":3,"90":3,"91":3,"92":3,"93":3,"94":3,"95":3,"96":3,"97":3,"98":3,"99":3,"100":3,"101":2,"102":2,"103":2,"104":5,"105":5,"106":5,"107":5,"108":5,"109":3,"110":3,"111":3,"112":3,"113":3,"114":2,"115":2,"116":2,"117":2,"118":2,"119":2,"120":3,"121":3,"122":3,"123":5,"124":6,"125":6,"126":1,"127":5,"128":5,"129":5,"130":1,"131":4,"132":4,"133":2,"134":1,"135":1,"136":1,"137":2,"138":1,"139":1,"140":1,"141":1,"142":1,"143":1,"144":1,"145":1,"146":1,"147":1,"148":1,"149":1,"150":6,"151":6,"152":6,"153":5,"154":1,"155":3,"156":3,"157":3,"158":2,"159":1,"160":1,"161":1,"162":2,"163":2},"f":{"0":1,"1":58,"2":29,"3":13,"4":29,"5":1,"6":4,"7":5,"8":6,"9":6,"10":3},"b":{"0":[11],"1":[58,47],"2":[4],"3":[24,5],"4":[5,8],"5":[13,10],"6":[3,5],"7":[3,2],"8":[4,25],"9":[29,24],"10":[1,28],"11":[17,11],"12":[1,16],"13":[1,15],"14":[4,11],"15":[5,6],"16":[6,0],"17":[1,10],"18":[6,4],"19":[3,1],"20":[0,1],"21":[1,1],"22":[4,4],"23":[1,3],"24":[2,1],"25":[5,5],"26":[6,6],"27":[1,5],"28":[1,4],"29":[2,2],"30":[1,1],"31":[1,0],"32":[6,2],"33":[5,1],"34":[3,3]},"_coverageSchema":"1a1c01bbd47fc00a2c39e90264f33305004495a9","hash":"9e784cc05eac18cf9b75b6877ffe436210895a80"}
}
