{"/workspace/chroniclesync/worker/src/index.js": {"path":"/workspace/chroniclesync/worker/src/index.js","statementMap":{"0":{"start":{"line":3,"column":15},"end":{"line":3,"column":64}},"1":{"start":{"line":4,"column":17},"end":{"line":4,"column":101}},"2":{"start":{"line":6,"column":12},"end":{"line":6,"column":26}},"3":{"start":{"line":7,"column":18},"end":{"line":7,"column":37}},"4":{"start":{"line":8,"column":14},"end":{"line":8,"column":53}},"5":{"start":{"line":9,"column":16},"end":{"line":9,"column":39}},"6":{"start":{"line":10,"column":15},"end":{"line":10,"column":33}},"7":{"start":{"line":11,"column":16},"end":{"line":11,"column":56}},"8":{"start":{"line":12,"column":18},"end":{"line":12,"column":60}},"9":{"start":{"line":13,"column":18},"end":{"line":13,"column":60}},"10":{"start":{"line":15,"column":2},"end":{"line":15,"column":82}},"11":{"start":{"line":20,"column":27},"end":{"line":27,"column":5}},"12":{"start":{"line":29,"column":22},"end":{"line":38,"column":6}},"13":{"start":{"line":30,"column":6},"end":{"line":32,"column":7}},"14":{"start":{"line":31,"column":8},"end":{"line":31,"column":45}},"15":{"start":{"line":33,"column":6},"end":{"line":36,"column":7}},"16":{"start":{"line":34,"column":8},"end":{"line":35,"column":41}},"17":{"start":{"line":37,"column":6},"end":{"line":37,"column":44}},"18":{"start":{"line":40,"column":24},"end":{"line":40,"column":72}},"19":{"start":{"line":42,"column":4},"end":{"line":47,"column":6}},"20":{"start":{"line":51,"column":16},"end":{"line":51,"column":36}},"21":{"start":{"line":52,"column":21},"end":{"line":52,"column":53}},"22":{"start":{"line":53,"column":19},"end":{"line":53,"column":55}},"23":{"start":{"line":56,"column":4},"end":{"line":60,"column":5}},"24":{"start":{"line":57,"column":6},"end":{"line":59,"column":9}},"25":{"start":{"line":63,"column":4},"end":{"line":88,"column":5}},"26":{"start":{"line":64,"column":25},"end":{"line":64,"column":61}},"27":{"start":{"line":65,"column":6},"end":{"line":70,"column":7}},"28":{"start":{"line":66,"column":8},"end":{"line":69,"column":11}},"29":{"start":{"line":73,"column":6},"end":{"line":75,"column":7}},"30":{"start":{"line":74,"column":8},"end":{"line":74,"column":59}},"31":{"start":{"line":77,"column":6},"end":{"line":79,"column":7}},"32":{"start":{"line":78,"column":8},"end":{"line":78,"column":68}},"33":{"start":{"line":81,"column":6},"end":{"line":83,"column":7}},"34":{"start":{"line":82,"column":8},"end":{"line":82,"column":58}},"35":{"start":{"line":85,"column":6},"end":{"line":87,"column":7}},"36":{"start":{"line":86,"column":8},"end":{"line":86,"column":60}},"37":{"start":{"line":91,"column":4},"end":{"line":96,"column":5}},"38":{"start":{"line":92,"column":6},"end":{"line":95,"column":9}},"39":{"start":{"line":98,"column":4},"end":{"line":100,"column":5}},"40":{"start":{"line":99,"column":6},"end":{"line":99,"column":64}},"41":{"start":{"line":102,"column":4},"end":{"line":104,"column":5}},"42":{"start":{"line":103,"column":6},"end":{"line":103,"column":65}},"43":{"start":{"line":106,"column":4},"end":{"line":109,"column":7}},"44":{"start":{"line":113,"column":4},"end":{"line":175,"column":5}},"45":{"start":{"line":115,"column":6},"end":{"line":133,"column":7}},"46":{"start":{"line":116,"column":27},"end":{"line":118,"column":15}},"47":{"start":{"line":119,"column":8},"end":{"line":119,"column":55}},"48":{"start":{"line":121,"column":8},"end":{"line":126,"column":9}},"49":{"start":{"line":122,"column":10},"end":{"line":125,"column":13}},"50":{"start":{"line":128,"column":8},"end":{"line":128,"column":56}},"51":{"start":{"line":129,"column":8},"end":{"line":132,"column":11}},"52":{"start":{"line":135,"column":22},"end":{"line":137,"column":13}},"53":{"start":{"line":139,"column":20},"end":{"line":139,"column":22}},"54":{"start":{"line":140,"column":6},"end":{"line":161,"column":7}},"55":{"start":{"line":141,"column":8},"end":{"line":160,"column":9}},"56":{"start":{"line":142,"column":26},"end":{"line":142,"column":84}},"57":{"start":{"line":143,"column":26},"end":{"line":143,"column":27}},"58":{"start":{"line":144,"column":10},"end":{"line":146,"column":11}},"59":{"start":{"line":145,"column":12},"end":{"line":145,"column":34}},"60":{"start":{"line":147,"column":10},"end":{"line":151,"column":13}},"61":{"start":{"line":153,"column":10},"end":{"line":153,"column":89}},"62":{"start":{"line":154,"column":10},"end":{"line":159,"column":13}},"63":{"start":{"line":163,"column":6},"end":{"line":168,"column":9}},"64":{"start":{"line":170,"column":6},"end":{"line":170,"column":53}},"65":{"start":{"line":171,"column":6},"end":{"line":174,"column":9}},"66":{"start":{"line":179,"column":19},"end":{"line":179,"column":55}},"67":{"start":{"line":180,"column":4},"end":{"line":185,"column":5}},"68":{"start":{"line":181,"column":6},"end":{"line":184,"column":9}},"69":{"start":{"line":187,"column":4},"end":{"line":211,"column":5}},"70":{"start":{"line":188,"column":6},"end":{"line":210,"column":7}},"71":{"start":{"line":190,"column":24},"end":{"line":190,"column":74}},"72":{"start":{"line":191,"column":8},"end":{"line":193,"column":9}},"73":{"start":{"line":192,"column":10},"end":{"line":192,"column":44}},"74":{"start":{"line":196,"column":8},"end":{"line":198,"column":17}},"75":{"start":{"line":200,"column":8},"end":{"line":203,"column":11}},"76":{"start":{"line":205,"column":8},"end":{"line":205,"column":51}},"77":{"start":{"line":206,"column":8},"end":{"line":209,"column":11}},"78":{"start":{"line":213,"column":4},"end":{"line":216,"column":7}},"79":{"start":{"line":220,"column":19},"end":{"line":220,"column":55}},"80":{"start":{"line":221,"column":19},"end":{"line":232,"column":5}},"81":{"start":{"line":234,"column":4},"end":{"line":240,"column":5}},"82":{"start":{"line":236,"column":6},"end":{"line":236,"column":45}},"83":{"start":{"line":237,"column":6},"end":{"line":237,"column":40}},"84":{"start":{"line":239,"column":6},"end":{"line":239,"column":49}},"85":{"start":{"line":242,"column":4},"end":{"line":248,"column":5}},"86":{"start":{"line":244,"column":6},"end":{"line":244,"column":41}},"87":{"start":{"line":245,"column":6},"end":{"line":245,"column":39}},"88":{"start":{"line":247,"column":6},"end":{"line":247,"column":48}},"89":{"start":{"line":250,"column":4},"end":{"line":255,"column":7}},"90":{"start":{"line":259,"column":19},"end":{"line":259,"column":55}},"91":{"start":{"line":260,"column":4},"end":{"line":265,"column":5}},"92":{"start":{"line":261,"column":6},"end":{"line":264,"column":9}},"93":{"start":{"line":267,"column":36},"end":{"line":267,"column":56}},"94":{"start":{"line":270,"column":25},"end":{"line":270,"column":80}},"95":{"start":{"line":271,"column":4},"end":{"line":276,"column":5}},"96":{"start":{"line":272,"column":6},"end":{"line":275,"column":9}},"97":{"start":{"line":278,"column":4},"end":{"line":283,"column":5}},"98":{"start":{"line":279,"column":6},"end":{"line":282,"column":9}},"99":{"start":{"line":287,"column":4},"end":{"line":295,"column":7}},"100":{"start":{"line":299,"column":19},"end":{"line":299,"column":55}},"101":{"start":{"line":300,"column":17},"end":{"line":300,"column":58}},"102":{"start":{"line":301,"column":4},"end":{"line":306,"column":5}},"103":{"start":{"line":302,"column":6},"end":{"line":305,"column":9}},"104":{"start":{"line":308,"column":4},"end":{"line":314,"column":7}},"105":{"start":{"line":318,"column":19},"end":{"line":318,"column":55}},"106":{"start":{"line":320,"column":4},"end":{"line":348,"column":5}},"107":{"start":{"line":321,"column":19},"end":{"line":321,"column":39}},"108":{"start":{"line":324,"column":6},"end":{"line":324,"column":70}},"109":{"start":{"line":327,"column":6},"end":{"line":330,"column":58}},"110":{"start":{"line":332,"column":6},"end":{"line":338,"column":9}},"111":{"start":{"line":340,"column":6},"end":{"line":340,"column":57}},"112":{"start":{"line":341,"column":6},"end":{"line":347,"column":9}}},"fnMap":{"0":{"name":"formatDate","decl":{"start":{"line":1,"column":9},"end":{"line":1,"column":19}},"loc":{"start":{"line":1,"column":26},"end":{"line":16,"column":1}},"line":1},"1":{"name":"(anonymous_1)","decl":{"start":{"line":19,"column":2},"end":{"line":19,"column":3}},"loc":{"start":{"line":19,"column":28},"end":{"line":48,"column":3}},"line":19},"2":{"name":"(anonymous_2)","decl":{"start":{"line":29,"column":67},"end":{"line":29,"column":68}},"loc":{"start":{"line":29,"column":77},"end":{"line":38,"column":5}},"line":29},"3":{"name":"(anonymous_3)","decl":{"start":{"line":50,"column":2},"end":{"line":50,"column":3}},"loc":{"start":{"line":50,"column":28},"end":{"line":110,"column":3}},"line":50},"4":{"name":"(anonymous_4)","decl":{"start":{"line":112,"column":2},"end":{"line":112,"column":3}},"loc":{"start":{"line":112,"column":41},"end":{"line":176,"column":3}},"line":112},"5":{"name":"(anonymous_5)","decl":{"start":{"line":178,"column":2},"end":{"line":178,"column":3}},"loc":{"start":{"line":178,"column":50},"end":{"line":217,"column":3}},"line":178},"6":{"name":"(anonymous_6)","decl":{"start":{"line":219,"column":2},"end":{"line":219,"column":3}},"loc":{"start":{"line":219,"column":40},"end":{"line":256,"column":3}},"line":219},"7":{"name":"(anonymous_7)","decl":{"start":{"line":258,"column":2},"end":{"line":258,"column":3}},"loc":{"start":{"line":258,"column":43},"end":{"line":296,"column":3}},"line":258},"8":{"name":"(anonymous_8)","decl":{"start":{"line":298,"column":2},"end":{"line":298,"column":3}},"loc":{"start":{"line":298,"column":48},"end":{"line":315,"column":3}},"line":298},"9":{"name":"(anonymous_9)","decl":{"start":{"line":317,"column":2},"end":{"line":317,"column":3}},"loc":{"start":{"line":317,"column":49},"end":{"line":349,"column":3}},"line":317}},"branchMap":{"0":{"loc":{"start":{"line":19,"column":14},"end":{"line":19,"column":26}},"type":"default-arg","locations":[{"start":{"line":19,"column":23},"end":{"line":19,"column":26}}],"line":19},"1":{"loc":{"start":{"line":29,"column":22},"end":{"line":38,"column":6}},"type":"cond-expr","locations":[{"start":{"line":29,"column":39},"end":{"line":29,"column":44}},{"start":{"line":29,"column":47},"end":{"line":38,"column":6}}],"line":29},"2":{"loc":{"start":{"line":30,"column":6},"end":{"line":32,"column":7}},"type":"if","locations":[{"start":{"line":30,"column":6},"end":{"line":32,"column":7}},{"start":{},"end":{}}],"line":30},"3":{"loc":{"start":{"line":30,"column":10},"end":{"line":30,"column":74}},"type":"binary-expr","locations":[{"start":{"line":30,"column":10},"end":{"line":30,"column":40}},{"start":{"line":30,"column":44},"end":{"line":30,"column":74}}],"line":30},"4":{"loc":{"start":{"line":33,"column":6},"end":{"line":36,"column":7}},"type":"if","locations":[{"start":{"line":33,"column":6},"end":{"line":36,"column":7}},{"start":{},"end":{}}],"line":33},"5":{"loc":{"start":{"line":34,"column":15},"end":{"line":35,"column":40}},"type":"binary-expr","locations":[{"start":{"line":34,"column":15},"end":{"line":34,"column":64}},{"start":{"line":35,"column":10},"end":{"line":35,"column":40}}],"line":34},"6":{"loc":{"start":{"line":40,"column":24},"end":{"line":40,"column":72}},"type":"cond-expr","locations":[{"start":{"line":40,"column":36},"end":{"line":40,"column":42}},{"start":{"line":40,"column":45},"end":{"line":40,"column":72}}],"line":40},"7":{"loc":{"start":{"line":53,"column":19},"end":{"line":53,"column":55}},"type":"binary-expr","locations":[{"start":{"line":53,"column":19},"end":{"line":53,"column":48}},{"start":{"line":53,"column":52},"end":{"line":53,"column":55}}],"line":53},"8":{"loc":{"start":{"line":56,"column":4},"end":{"line":60,"column":5}},"type":"if","locations":[{"start":{"line":56,"column":4},"end":{"line":60,"column":5}},{"start":{},"end":{}}],"line":56},"9":{"loc":{"start":{"line":63,"column":4},"end":{"line":88,"column":5}},"type":"if","locations":[{"start":{"line":63,"column":4},"end":{"line":88,"column":5}},{"start":{},"end":{}}],"line":63},"10":{"loc":{"start":{"line":65,"column":6},"end":{"line":70,"column":7}},"type":"if","locations":[{"start":{"line":65,"column":6},"end":{"line":70,"column":7}},{"start":{},"end":{}}],"line":65},"11":{"loc":{"start":{"line":73,"column":6},"end":{"line":75,"column":7}},"type":"if","locations":[{"start":{"line":73,"column":6},"end":{"line":75,"column":7}},{"start":{},"end":{}}],"line":73},"12":{"loc":{"start":{"line":77,"column":6},"end":{"line":79,"column":7}},"type":"if","locations":[{"start":{"line":77,"column":6},"end":{"line":79,"column":7}},{"start":{},"end":{}}],"line":77},"13":{"loc":{"start":{"line":81,"column":6},"end":{"line":83,"column":7}},"type":"if","locations":[{"start":{"line":81,"column":6},"end":{"line":83,"column":7}},{"start":{},"end":{}}],"line":81},"14":{"loc":{"start":{"line":85,"column":6},"end":{"line":87,"column":7}},"type":"if","locations":[{"start":{"line":85,"column":6},"end":{"line":87,"column":7}},{"start":{},"end":{}}],"line":85},"15":{"loc":{"start":{"line":91,"column":4},"end":{"line":96,"column":5}},"type":"if","locations":[{"start":{"line":91,"column":4},"end":{"line":96,"column":5}},{"start":{},"end":{}}],"line":91},"16":{"loc":{"start":{"line":98,"column":4},"end":{"line":100,"column":5}},"type":"if","locations":[{"start":{"line":98,"column":4},"end":{"line":100,"column":5}},{"start":{},"end":{}}],"line":98},"17":{"loc":{"start":{"line":102,"column":4},"end":{"line":104,"column":5}},"type":"if","locations":[{"start":{"line":102,"column":4},"end":{"line":104,"column":5}},{"start":{},"end":{}}],"line":102},"18":{"loc":{"start":{"line":121,"column":8},"end":{"line":126,"column":9}},"type":"if","locations":[{"start":{"line":121,"column":8},"end":{"line":126,"column":9}},{"start":{},"end":{}}],"line":121},"19":{"loc":{"start":{"line":121,"column":12},"end":{"line":121,"column":66}},"type":"binary-expr","locations":[{"start":{"line":121,"column":12},"end":{"line":121,"column":31}},{"start":{"line":121,"column":35},"end":{"line":121,"column":66}}],"line":121},"20":{"loc":{"start":{"line":179,"column":19},"end":{"line":179,"column":55}},"type":"binary-expr","locations":[{"start":{"line":179,"column":19},"end":{"line":179,"column":48}},{"start":{"line":179,"column":52},"end":{"line":179,"column":55}}],"line":179},"21":{"loc":{"start":{"line":180,"column":4},"end":{"line":185,"column":5}},"type":"if","locations":[{"start":{"line":180,"column":4},"end":{"line":185,"column":5}},{"start":{},"end":{}}],"line":180},"22":{"loc":{"start":{"line":187,"column":4},"end":{"line":211,"column":5}},"type":"if","locations":[{"start":{"line":187,"column":4},"end":{"line":211,"column":5}},{"start":{},"end":{}}],"line":187},"23":{"loc":{"start":{"line":220,"column":19},"end":{"line":220,"column":55}},"type":"binary-expr","locations":[{"start":{"line":220,"column":19},"end":{"line":220,"column":48}},{"start":{"line":220,"column":52},"end":{"line":220,"column":55}}],"line":220},"24":{"loc":{"start":{"line":259,"column":19},"end":{"line":259,"column":55}},"type":"binary-expr","locations":[{"start":{"line":259,"column":19},"end":{"line":259,"column":48}},{"start":{"line":259,"column":52},"end":{"line":259,"column":55}}],"line":259},"25":{"loc":{"start":{"line":260,"column":4},"end":{"line":265,"column":5}},"type":"if","locations":[{"start":{"line":260,"column":4},"end":{"line":265,"column":5}},{"start":{},"end":{}}],"line":260},"26":{"loc":{"start":{"line":271,"column":4},"end":{"line":276,"column":5}},"type":"if","locations":[{"start":{"line":271,"column":4},"end":{"line":276,"column":5}},{"start":{},"end":{}}],"line":271},"27":{"loc":{"start":{"line":278,"column":4},"end":{"line":283,"column":5}},"type":"if","locations":[{"start":{"line":278,"column":4},"end":{"line":283,"column":5}},{"start":{},"end":{}}],"line":278},"28":{"loc":{"start":{"line":299,"column":19},"end":{"line":299,"column":55}},"type":"binary-expr","locations":[{"start":{"line":299,"column":19},"end":{"line":299,"column":48}},{"start":{"line":299,"column":52},"end":{"line":299,"column":55}}],"line":299},"29":{"loc":{"start":{"line":301,"column":4},"end":{"line":306,"column":5}},"type":"if","locations":[{"start":{"line":301,"column":4},"end":{"line":306,"column":5}},{"start":{},"end":{}}],"line":301},"30":{"loc":{"start":{"line":318,"column":19},"end":{"line":318,"column":55}},"type":"binary-expr","locations":[{"start":{"line":318,"column":19},"end":{"line":318,"column":48}},{"start":{"line":318,"column":52},"end":{"line":318,"column":55}}],"line":318}},"s":{"0":1,"1":1,"2":1,"3":1,"4":1,"5":1,"6":1,"7":1,"8":1,"9":1,"10":1,"11":24,"12":24,"13":13,"14":5,"15":8,"16":3,"17":5,"18":24,"19":24,"20":24,"21":24,"22":24,"23":24,"24":1,"25":23,"26":12,"27":12,"28":1,"29":11,"30":1,"31":10,"32":4,"33":6,"34":2,"35":4,"36":4,"37":11,"38":1,"39":10,"40":6,"41":4,"42":3,"43":1,"44":1,"45":1,"46":1,"47":1,"48":1,"49":0,"50":0,"51":0,"52":1,"53":1,"54":1,"55":0,"56":0,"57":0,"58":0,"59":0,"60":0,"61":0,"62":0,"63":1,"64":0,"65":0,"66":4,"67":4,"68":1,"69":3,"70":2,"71":2,"72":1,"73":0,"74":1,"75":1,"76":1,"77":1,"78":1,"79":2,"80":2,"81":2,"82":2,"83":1,"84":1,"85":2,"86":2,"87":1,"88":1,"89":2,"90":4,"91":4,"92":1,"93":3,"94":3,"95":3,"96":1,"97":2,"98":1,"99":1,"100":6,"101":6,"102":6,"103":5,"104":1,"105":3,"106":3,"107":3,"108":2,"109":1,"110":1,"111":2,"112":2},"f":{"0":1,"1":24,"2":13,"3":24,"4":1,"5":4,"6":2,"7":4,"8":6,"9":3},"b":{"0":[4],"1":[19,5],"2":[5,8],"3":[13,10],"4":[3,5],"5":[3,2],"6":[4,20],"7":[24,19],"8":[1,23],"9":[12,11],"10":[1,11],"11":[1,10],"12":[4,6],"13":[2,4],"14":[4,0],"15":[1,10],"16":[6,4],"17":[3,1],"18":[0,1],"19":[1,1],"20":[4,4],"21":[1,3],"22":[2,1],"23":[2,2],"24":[4,4],"25":[1,3],"26":[1,2],"27":[1,1],"28":[6,2],"29":[5,1],"30":[3,3]},"_coverageSchema":"1a1c01bbd47fc00a2c39e90264f33305004495a9","hash":"86106883bb382c74bcbf8f4336dedfb4d72d7a84"}
}
