TN:
SF:src/index.js
FN:1,formatDate
FN:18,log
FN:30,(anonymous_2)
FN:40,(anonymous_3)
FN:61,(anonymous_4)
FN:131,(anonymous_5)
FN:197,(anonymous_6)
FN:239,(anonymous_7)
FN:351,(anonymous_8)
FN:461,(anonymous_9)
FN:480,(anonymous_10)
FNF:11
FNH:11
FNDA:1,formatDate
FNDA:58,log
FNDA:29,(anonymous_2)
FNDA:13,(anonymous_3)
FNDA:29,(anonymous_4)
FNDA:1,(anonymous_5)
FNDA:4,(anonymous_6)
FNDA:5,(anonymous_7)
FNDA:6,(anonymous_8)
FNDA:6,(anonymous_9)
FNDA:3,(anonymous_10)
DA:3,1
DA:4,1
DA:6,1
DA:7,1
DA:8,1
DA:9,1
DA:10,1
DA:11,1
DA:12,1
DA:13,1
DA:15,1
DA:19,58
DA:20,58
DA:26,58
DA:31,29
DA:40,29
DA:41,13
DA:42,5
DA:44,8
DA:45,3
DA:48,5
DA:51,29
DA:53,29
DA:62,29
DA:63,29
DA:64,29
DA:66,29
DA:75,29
DA:76,1
DA:82,28
DA:83,17
DA:84,17
DA:85,1
DA:92,16
DA:93,1
DA:96,15
DA:97,4
DA:100,11
DA:101,5
DA:104,6
DA:105,6
DA:110,11
DA:111,1
DA:117,10
DA:118,6
DA:121,4
DA:122,3
DA:125,1
DA:132,1
DA:134,1
DA:135,1
DA:138,1
DA:140,1
DA:141,0
DA:147,0
DA:148,0
DA:154,1
DA:158,1
DA:159,1
DA:160,0
DA:161,0
DA:162,0
DA:163,0
DA:164,0
DA:166,0
DA:172,0
DA:173,0
DA:182,1
DA:189,0
DA:190,0
DA:198,4
DA:199,4
DA:200,1
DA:206,3
DA:207,2
DA:209,2
DA:210,1
DA:211,0
DA:215,1
DA:219,1
DA:220,1
DA:225,1
DA:226,1
DA:233,1
DA:240,5
DA:241,5
DA:272,5
DA:273,5
DA:275,5
DA:276,3
DA:279,3
DA:282,3
DA:285,3
DA:286,3
DA:289,3
DA:292,3
DA:295,3
DA:298,3
DA:301,3
DA:302,3
DA:303,3
DA:305,2
DA:306,2
DA:307,2
DA:311,5
DA:312,5
DA:313,5
DA:314,5
DA:317,5
DA:318,3
DA:321,3
DA:322,3
DA:325,3
DA:326,3
DA:327,2
DA:330,2
DA:331,2
DA:334,2
DA:335,2
DA:336,2
DA:338,3
DA:339,3
DA:340,3
DA:343,5
DA:352,6
DA:353,6
DA:354,1
DA:360,5
DA:362,5
DA:363,5
DA:364,1
DA:370,4
DA:371,4
DA:373,2
DA:383,1
DA:388,1
DA:389,1
DA:400,2
DA:402,1
DA:407,1
DA:412,1
DA:413,1
DA:426,1
DA:428,1
DA:429,1
DA:432,1
DA:434,1
DA:435,1
DA:447,1
DA:448,1
DA:462,6
DA:463,6
DA:464,6
DA:465,5
DA:471,1
DA:481,3
DA:483,3
DA:484,3
DA:487,2
DA:490,1
DA:495,1
DA:496,1
DA:504,2
DA:505,2
LF:164
LH:150
BRDA:18,0,0,11
BRDA:24,1,0,58
BRDA:24,1,1,47
BRDA:30,2,0,4
BRDA:40,3,0,24
BRDA:40,3,1,5
BRDA:41,4,0,5
BRDA:41,4,1,8
BRDA:41,5,0,13
BRDA:41,5,1,10
BRDA:44,6,0,3
BRDA:44,6,1,5
BRDA:45,7,0,3
BRDA:45,7,1,2
BRDA:51,8,0,4
BRDA:51,8,1,25
BRDA:64,9,0,29
BRDA:64,9,1,24
BRDA:75,10,0,1
BRDA:75,10,1,28
BRDA:82,11,0,17
BRDA:82,11,1,11
BRDA:84,12,0,1
BRDA:84,12,1,16
BRDA:92,13,0,1
BRDA:92,13,1,15
BRDA:96,14,0,4
BRDA:96,14,1,11
BRDA:100,15,0,5
BRDA:100,15,1,6
BRDA:104,16,0,6
BRDA:104,16,1,0
BRDA:110,17,0,1
BRDA:110,17,1,10
BRDA:117,18,0,6
BRDA:117,18,1,4
BRDA:121,19,0,3
BRDA:121,19,1,1
BRDA:140,20,0,0
BRDA:140,20,1,1
BRDA:140,21,0,1
BRDA:140,21,1,1
BRDA:198,22,0,4
BRDA:198,22,1,4
BRDA:199,23,0,1
BRDA:199,23,1,3
BRDA:206,24,0,2
BRDA:206,24,1,1
BRDA:240,25,0,5
BRDA:240,25,1,5
BRDA:352,26,0,6
BRDA:352,26,1,6
BRDA:353,27,0,1
BRDA:353,27,1,5
BRDA:363,28,0,1
BRDA:363,28,1,4
BRDA:371,29,0,2
BRDA:371,29,1,2
BRDA:400,30,0,1
BRDA:400,30,1,1
BRDA:426,31,0,1
BRDA:426,31,1,0
BRDA:462,32,0,6
BRDA:462,32,1,2
BRDA:464,33,0,5
BRDA:464,33,1,1
BRDA:481,34,0,3
BRDA:481,34,1,3
BRF:68
BRH:65
end_of_record
