TN:
SF:src/index.js
FN:1,formatDate
FN:19,(anonymous_1)
FN:29,(anonymous_2)
FN:50,(anonymous_3)
FN:112,(anonymous_4)
FN:178,(anonymous_5)
FN:219,(anonymous_6)
FN:258,(anonymous_7)
FN:298,(anonymous_8)
FN:317,(anonymous_9)
FNF:10
FNH:10
FNDA:1,formatDate
FNDA:24,(anonymous_1)
FNDA:13,(anonymous_2)
FNDA:24,(anonymous_3)
FNDA:1,(anonymous_4)
FNDA:4,(anonymous_5)
FNDA:2,(anonymous_6)
FNDA:4,(anonymous_7)
FNDA:6,(anonymous_8)
FNDA:3,(anonymous_9)
DA:3,1
DA:4,1
DA:6,1
DA:7,1
DA:8,1
DA:9,1
DA:10,1
DA:11,1
DA:12,1
DA:13,1
DA:15,1
DA:20,24
DA:29,24
DA:30,13
DA:31,5
DA:33,8
DA:34,3
DA:37,5
DA:40,24
DA:42,24
DA:51,24
DA:52,24
DA:53,24
DA:56,24
DA:57,1
DA:63,23
DA:64,12
DA:65,12
DA:66,1
DA:73,11
DA:74,1
DA:77,10
DA:78,4
DA:81,6
DA:82,2
DA:85,4
DA:86,4
DA:91,11
DA:92,1
DA:98,10
DA:99,6
DA:102,4
DA:103,3
DA:106,1
DA:113,1
DA:115,1
DA:116,1
DA:119,1
DA:121,1
DA:122,0
DA:128,0
DA:129,0
DA:135,1
DA:139,1
DA:140,1
DA:141,0
DA:142,0
DA:143,0
DA:144,0
DA:145,0
DA:147,0
DA:153,0
DA:154,0
DA:163,1
DA:170,0
DA:171,0
DA:179,4
DA:180,4
DA:181,1
DA:187,3
DA:188,2
DA:190,2
DA:191,1
DA:192,0
DA:196,1
DA:200,1
DA:205,1
DA:206,1
DA:213,1
DA:220,2
DA:221,2
DA:234,2
DA:236,2
DA:237,1
DA:239,1
DA:242,2
DA:244,2
DA:245,1
DA:247,1
DA:250,2
DA:259,4
DA:260,4
DA:261,1
DA:267,3
DA:270,3
DA:271,3
DA:272,1
DA:278,2
DA:279,1
DA:287,1
DA:299,6
DA:300,6
DA:301,6
DA:302,5
DA:308,1
DA:318,3
DA:320,3
DA:321,3
DA:324,2
DA:327,1
DA:332,1
DA:340,2
DA:341,2
LF:113
LH:99
BRDA:19,0,0,4
BRDA:29,1,0,19
BRDA:29,1,1,5
BRDA:30,2,0,5
BRDA:30,2,1,8
BRDA:30,3,0,13
BRDA:30,3,1,10
BRDA:33,4,0,3
BRDA:33,4,1,5
BRDA:34,5,0,3
BRDA:34,5,1,2
BRDA:40,6,0,4
BRDA:40,6,1,20
BRDA:53,7,0,24
BRDA:53,7,1,19
BRDA:56,8,0,1
BRDA:56,8,1,23
BRDA:63,9,0,12
BRDA:63,9,1,11
BRDA:65,10,0,1
BRDA:65,10,1,11
BRDA:73,11,0,1
BRDA:73,11,1,10
BRDA:77,12,0,4
BRDA:77,12,1,6
BRDA:81,13,0,2
BRDA:81,13,1,4
BRDA:85,14,0,4
BRDA:85,14,1,0
BRDA:91,15,0,1
BRDA:91,15,1,10
BRDA:98,16,0,6
BRDA:98,16,1,4
BRDA:102,17,0,3
BRDA:102,17,1,1
BRDA:121,18,0,0
BRDA:121,18,1,1
BRDA:121,19,0,1
BRDA:121,19,1,1
BRDA:179,20,0,4
BRDA:179,20,1,4
BRDA:180,21,0,1
BRDA:180,21,1,3
BRDA:187,22,0,2
BRDA:187,22,1,1
BRDA:220,23,0,2
BRDA:220,23,1,2
BRDA:259,24,0,4
BRDA:259,24,1,4
BRDA:260,25,0,1
BRDA:260,25,1,3
BRDA:271,26,0,1
BRDA:271,26,1,2
BRDA:278,27,0,1
BRDA:278,27,1,1
BRDA:299,28,0,6
BRDA:299,28,1,2
BRDA:301,29,0,5
BRDA:301,29,1,1
BRDA:318,30,0,3
BRDA:318,30,1,3
BRF:61
BRH:59
end_of_record
