{"/workspace/chroniclesync/pages/src/js/db.js": {"path":"/workspace/chroniclesync/pages/src/js/db.js","statementMap":{"0":{"start":{"line":3,"column":4},"end":{"line":3,"column":19}},"1":{"start":{"line":4,"column":4},"end":{"line":4,"column":25}},"2":{"start":{"line":8,"column":4},"end":{"line":8,"column":29}},"3":{"start":{"line":9,"column":4},"end":{"line":24,"column":7}},"4":{"start":{"line":10,"column":22},"end":{"line":10,"column":59}},"5":{"start":{"line":12,"column":6},"end":{"line":12,"column":52}},"6":{"start":{"line":12,"column":30},"end":{"line":12,"column":51}},"7":{"start":{"line":13,"column":6},"end":{"line":16,"column":8}},"8":{"start":{"line":14,"column":8},"end":{"line":14,"column":33}},"9":{"start":{"line":15,"column":8},"end":{"line":15,"column":18}},"10":{"start":{"line":18,"column":6},"end":{"line":23,"column":8}},"11":{"start":{"line":19,"column":19},"end":{"line":19,"column":38}},"12":{"start":{"line":20,"column":8},"end":{"line":22,"column":9}},"13":{"start":{"line":21,"column":10},"end":{"line":21,"column":39}},"14":{"start":{"line":28,"column":4},"end":{"line":35,"column":7}},"15":{"start":{"line":29,"column":26},"end":{"line":29,"column":67}},"16":{"start":{"line":30,"column":20},"end":{"line":30,"column":51}},"17":{"start":{"line":31,"column":22},"end":{"line":31,"column":43}},"18":{"start":{"line":33,"column":6},"end":{"line":33,"column":52}},"19":{"start":{"line":33,"column":30},"end":{"line":33,"column":51}},"20":{"start":{"line":34,"column":6},"end":{"line":34,"column":62}},"21":{"start":{"line":34,"column":32},"end":{"line":34,"column":61}},"22":{"start":{"line":39,"column":4},"end":{"line":46,"column":7}},"23":{"start":{"line":40,"column":26},"end":{"line":40,"column":68}},"24":{"start":{"line":41,"column":20},"end":{"line":41,"column":51}},"25":{"start":{"line":42,"column":22},"end":{"line":42,"column":49}},"26":{"start":{"line":44,"column":6},"end":{"line":44,"column":52}},"27":{"start":{"line":44,"column":30},"end":{"line":44,"column":51}},"28":{"start":{"line":45,"column":6},"end":{"line":45,"column":42}},"29":{"start":{"line":45,"column":32},"end":{"line":45,"column":41}}},"fnMap":{"0":{"name":"(anonymous_0)","decl":{"start":{"line":2,"column":2},"end":{"line":2,"column":3}},"loc":{"start":{"line":2,"column":16},"end":{"line":5,"column":3}},"line":2},"1":{"name":"(anonymous_1)","decl":{"start":{"line":7,"column":2},"end":{"line":7,"column":3}},"loc":{"start":{"line":7,"column":23},"end":{"line":25,"column":3}},"line":7},"2":{"name":"(anonymous_2)","decl":{"start":{"line":9,"column":23},"end":{"line":9,"column":24}},"loc":{"start":{"line":9,"column":44},"end":{"line":24,"column":5}},"line":9},"3":{"name":"(anonymous_3)","decl":{"start":{"line":12,"column":24},"end":{"line":12,"column":25}},"loc":{"start":{"line":12,"column":30},"end":{"line":12,"column":51}},"line":12},"4":{"name":"(anonymous_4)","decl":{"start":{"line":13,"column":26},"end":{"line":13,"column":27}},"loc":{"start":{"line":13,"column":32},"end":{"line":16,"column":7}},"line":13},"5":{"name":"(anonymous_5)","decl":{"start":{"line":18,"column":32},"end":{"line":18,"column":33}},"loc":{"start":{"line":18,"column":43},"end":{"line":23,"column":7}},"line":18},"6":{"name":"(anonymous_6)","decl":{"start":{"line":27,"column":2},"end":{"line":27,"column":3}},"loc":{"start":{"line":27,"column":18},"end":{"line":36,"column":3}},"line":27},"7":{"name":"(anonymous_7)","decl":{"start":{"line":28,"column":23},"end":{"line":28,"column":24}},"loc":{"start":{"line":28,"column":44},"end":{"line":35,"column":5}},"line":28},"8":{"name":"(anonymous_8)","decl":{"start":{"line":33,"column":24},"end":{"line":33,"column":25}},"loc":{"start":{"line":33,"column":30},"end":{"line":33,"column":51}},"line":33},"9":{"name":"(anonymous_9)","decl":{"start":{"line":34,"column":26},"end":{"line":34,"column":27}},"loc":{"start":{"line":34,"column":32},"end":{"line":34,"column":61}},"line":34},"10":{"name":"(anonymous_10)","decl":{"start":{"line":38,"column":2},"end":{"line":38,"column":3}},"loc":{"start":{"line":38,"column":22},"end":{"line":47,"column":3}},"line":38},"11":{"name":"(anonymous_11)","decl":{"start":{"line":39,"column":23},"end":{"line":39,"column":24}},"loc":{"start":{"line":39,"column":44},"end":{"line":46,"column":5}},"line":39},"12":{"name":"(anonymous_12)","decl":{"start":{"line":44,"column":24},"end":{"line":44,"column":25}},"loc":{"start":{"line":44,"column":30},"end":{"line":44,"column":51}},"line":44},"13":{"name":"(anonymous_13)","decl":{"start":{"line":45,"column":26},"end":{"line":45,"column":27}},"loc":{"start":{"line":45,"column":32},"end":{"line":45,"column":41}},"line":45}},"branchMap":{"0":{"loc":{"start":{"line":20,"column":8},"end":{"line":22,"column":9}},"type":"if","locations":[{"start":{"line":20,"column":8},"end":{"line":22,"column":9}},{"start":{},"end":{}}],"line":20},"1":{"loc":{"start":{"line":34,"column":40},"end":{"line":34,"column":60}},"type":"binary-expr","locations":[{"start":{"line":34,"column":40},"end":{"line":34,"column":54}},{"start":{"line":34,"column":58},"end":{"line":34,"column":60}}],"line":34}},"s":{"0":10,"1":10,"2":5,"3":5,"4":5,"5":5,"6":2,"7":5,"8":3,"9":3,"10":5,"11":3,"12":3,"13":2,"14":3,"15":3,"16":3,"17":3,"18":3,"19":1,"20":3,"21":2,"22":2,"23":2,"24":2,"25":2,"26":2,"27":1,"28":2,"29":1},"f":{"0":10,"1":5,"2":5,"3":2,"4":3,"5":3,"6":3,"7":3,"8":1,"9":2,"10":2,"11":2,"12":1,"13":1},"b":{"0":[2,1],"1":[2,1]},"_coverageSchema":"1a1c01bbd47fc00a2c39e90264f33305004495a9","hash":"90a1267c8c02761adb33548ce1e2850af7748c23"}
,"/workspace/chroniclesync/pages/src/js/main.js": {"path":"/workspace/chroniclesync/pages/src/js/main.js","statementMap":{"0":{"start":{"line":3,"column":16},"end":{"line":3,"column":66}},"1":{"start":{"line":4,"column":11},"end":{"line":4,"column":19}},"2":{"start":{"line":7,"column":19},"end":{"line":7,"column":60}},"3":{"start":{"line":8,"column":2},"end":{"line":11,"column":3}},"4":{"start":{"line":9,"column":4},"end":{"line":9,"column":38}},"5":{"start":{"line":10,"column":4},"end":{"line":10,"column":11}},"6":{"start":{"line":13,"column":2},"end":{"line":18,"column":3}},"7":{"start":{"line":14,"column":4},"end":{"line":14,"column":28}},"8":{"start":{"line":16,"column":4},"end":{"line":16,"column":57}},"9":{"start":{"line":17,"column":4},"end":{"line":17,"column":11}},"10":{"start":{"line":20,"column":2},"end":{"line":29,"column":3}},"11":{"start":{"line":21,"column":17},"end":{"line":21,"column":35}},"12":{"start":{"line":22,"column":4},"end":{"line":22,"column":79}},"13":{"start":{"line":23,"column":4},"end":{"line":23,"column":70}},"14":{"start":{"line":26,"column":4},"end":{"line":26,"column":21}},"15":{"start":{"line":28,"column":4},"end":{"line":28,"column":50}},"16":{"start":{"line":34,"column":2},"end":{"line":39,"column":3}},"17":{"start":{"line":35,"column":4},"end":{"line":35,"column":66}},"18":{"start":{"line":37,"column":4},"end":{"line":37,"column":31}},"19":{"start":{"line":38,"column":4},"end":{"line":38,"column":11}},"20":{"start":{"line":41,"column":2},"end":{"line":46,"column":3}},"21":{"start":{"line":42,"column":4},"end":{"line":42,"column":27}},"22":{"start":{"line":43,"column":4},"end":{"line":43,"column":32}},"23":{"start":{"line":45,"column":4},"end":{"line":45,"column":49}},"24":{"start":{"line":50,"column":2},"end":{"line":67,"column":3}},"25":{"start":{"line":51,"column":17},"end":{"line":51,"column":35}},"26":{"start":{"line":52,"column":21},"end":{"line":58,"column":6}},"27":{"start":{"line":60,"column":4},"end":{"line":62,"column":5}},"28":{"start":{"line":61,"column":6},"end":{"line":61,"column":37}},"29":{"start":{"line":64,"column":4},"end":{"line":64,"column":29}},"30":{"start":{"line":66,"column":4},"end":{"line":66,"column":42}},"31":{"start":{"line":71,"column":19},"end":{"line":71,"column":65}},"32":{"start":{"line":72,"column":2},"end":{"line":78,"column":3}},"33":{"start":{"line":73,"column":4},"end":{"line":73,"column":69}},"34":{"start":{"line":74,"column":4},"end":{"line":74,"column":66}},"35":{"start":{"line":75,"column":4},"end":{"line":75,"column":25}},"36":{"start":{"line":77,"column":4},"end":{"line":77,"column":30}},"37":{"start":{"line":82,"column":2},"end":{"line":112,"column":3}},"38":{"start":{"line":83,"column":21},"end":{"line":87,"column":6}},"39":{"start":{"line":89,"column":4},"end":{"line":91,"column":5}},"40":{"start":{"line":90,"column":6},"end":{"line":90,"column":47}},"41":{"start":{"line":93,"column":18},"end":{"line":93,"column":39}},"42":{"start":{"line":94,"column":18},"end":{"line":94,"column":61}},"43":{"start":{"line":95,"column":4},"end":{"line":95,"column":25}},"44":{"start":{"line":97,"column":4},"end":{"line":109,"column":7}},"45":{"start":{"line":98,"column":18},"end":{"line":98,"column":46}},"46":{"start":{"line":99,"column":6},"end":{"line":107,"column":14}},"47":{"start":{"line":108,"column":6},"end":{"line":108,"column":29}},"48":{"start":{"line":111,"column":4},"end":{"line":111,"column":52}},"49":{"start":{"line":116,"column":2},"end":{"line":118,"column":3}},"50":{"start":{"line":117,"column":4},"end":{"line":117,"column":11}},"51":{"start":{"line":120,"column":2},"end":{"line":137,"column":3}},"52":{"start":{"line":121,"column":21},"end":{"line":126,"column":6}},"53":{"start":{"line":128,"column":4},"end":{"line":130,"column":5}},"54":{"start":{"line":129,"column":6},"end":{"line":129,"column":49}},"55":{"start":{"line":132,"column":4},"end":{"line":132,"column":26}},"56":{"start":{"line":133,"column":4},"end":{"line":133,"column":41}},"57":{"start":{"line":134,"column":4},"end":{"line":134,"column":19}},"58":{"start":{"line":136,"column":4},"end":{"line":136,"column":53}},"59":{"start":{"line":141,"column":2},"end":{"line":156,"column":3}},"60":{"start":{"line":142,"column":21},"end":{"line":146,"column":6}},"61":{"start":{"line":148,"column":4},"end":{"line":150,"column":5}},"62":{"start":{"line":149,"column":6},"end":{"line":149,"column":53}},"63":{"start":{"line":152,"column":17},"end":{"line":152,"column":38}},"64":{"start":{"line":153,"column":4},"end":{"line":153,"column":41}},"65":{"start":{"line":155,"column":4},"end":{"line":155,"column":58}},"66":{"start":{"line":160,"column":2},"end":{"line":162,"column":3}},"67":{"start":{"line":161,"column":4},"end":{"line":161,"column":11}},"68":{"start":{"line":164,"column":2},"end":{"line":186,"column":3}},"69":{"start":{"line":165,"column":21},"end":{"line":172,"column":6}},"70":{"start":{"line":174,"column":4},"end":{"line":176,"column":5}},"71":{"start":{"line":175,"column":6},"end":{"line":175,"column":52}},"72":{"start":{"line":178,"column":4},"end":{"line":183,"column":5}},"73":{"start":{"line":179,"column":21},"end":{"line":179,"column":42}},"74":{"start":{"line":180,"column":6},"end":{"line":180,"column":53}},"75":{"start":{"line":182,"column":6},"end":{"line":182,"column":38}},"76":{"start":{"line":185,"column":4},"end":{"line":185,"column":57}},"77":{"start":{"line":190,"column":2},"end":{"line":214,"column":3}},"78":{"start":{"line":191,"column":21},"end":{"line":195,"column":6}},"79":{"start":{"line":197,"column":4},"end":{"line":199,"column":5}},"80":{"start":{"line":198,"column":6},"end":{"line":198,"column":48}},"81":{"start":{"line":201,"column":19},"end":{"line":201,"column":40}},"82":{"start":{"line":204,"column":4},"end":{"line":204,"column":114}},"83":{"start":{"line":205,"column":4},"end":{"line":205,"column":113}},"84":{"start":{"line":206,"column":4},"end":{"line":206,"column":117}},"85":{"start":{"line":209,"column":4},"end":{"line":209,"column":114}},"86":{"start":{"line":210,"column":4},"end":{"line":210,"column":113}},"87":{"start":{"line":211,"column":4},"end":{"line":211,"column":117}},"88":{"start":{"line":213,"column":4},"end":{"line":213,"column":53}},"89":{"start":{"line":218,"column":2},"end":{"line":218,"column":36}},"90":{"start":{"line":218,"column":19},"end":{"line":218,"column":36}},"91":{"start":{"line":219,"column":12},"end":{"line":219,"column":16}},"92":{"start":{"line":220,"column":16},"end":{"line":220,"column":43}},"93":{"start":{"line":221,"column":12},"end":{"line":221,"column":53}},"94":{"start":{"line":222,"column":2},"end":{"line":222,"column":74}}},"fnMap":{"0":{"name":"initializeClient","decl":{"start":{"line":6,"column":15},"end":{"line":6,"column":31}},"loc":{"start":{"line":6,"column":34},"end":{"line":30,"column":1}},"line":6},"1":{"name":"saveData","decl":{"start":{"line":32,"column":15},"end":{"line":32,"column":23}},"loc":{"start":{"line":32,"column":26},"end":{"line":47,"column":1}},"line":32},"2":{"name":"syncData","decl":{"start":{"line":49,"column":15},"end":{"line":49,"column":23}},"loc":{"start":{"line":49,"column":26},"end":{"line":68,"column":1}},"line":49},"3":{"name":"loginAdmin","decl":{"start":{"line":70,"column":15},"end":{"line":70,"column":25}},"loc":{"start":{"line":70,"column":28},"end":{"line":79,"column":1}},"line":70},"4":{"name":"refreshStats","decl":{"start":{"line":81,"column":15},"end":{"line":81,"column":27}},"loc":{"start":{"line":81,"column":30},"end":{"line":113,"column":1}},"line":81},"5":{"name":"(anonymous_5)","decl":{"start":{"line":97,"column":18},"end":{"line":97,"column":19}},"loc":{"start":{"line":97,"column":28},"end":{"line":109,"column":5}},"line":97},"6":{"name":"deleteClient","decl":{"start":{"line":115,"column":15},"end":{"line":115,"column":27}},"loc":{"start":{"line":115,"column":38},"end":{"line":138,"column":1}},"line":115},"7":{"name":"viewClientData","decl":{"start":{"line":140,"column":15},"end":{"line":140,"column":29}},"loc":{"start":{"line":140,"column":40},"end":{"line":157,"column":1}},"line":140},"8":{"name":"triggerWorkflow","decl":{"start":{"line":159,"column":15},"end":{"line":159,"column":30}},"loc":{"start":{"line":159,"column":52},"end":{"line":187,"column":1}},"line":159},"9":{"name":"checkSystemStatus","decl":{"start":{"line":189,"column":15},"end":{"line":189,"column":32}},"loc":{"start":{"line":189,"column":35},"end":{"line":215,"column":1}},"line":189},"10":{"name":"formatBytes","decl":{"start":{"line":217,"column":9},"end":{"line":217,"column":20}},"loc":{"start":{"line":217,"column":28},"end":{"line":223,"column":1}},"line":217}},"branchMap":{"0":{"loc":{"start":{"line":8,"column":2},"end":{"line":11,"column":3}},"type":"if","locations":[{"start":{"line":8,"column":2},"end":{"line":11,"column":3}},{"start":{},"end":{}}],"line":8},"1":{"loc":{"start":{"line":60,"column":4},"end":{"line":62,"column":5}},"type":"if","locations":[{"start":{"line":60,"column":4},"end":{"line":62,"column":5}},{"start":{},"end":{}}],"line":60},"2":{"loc":{"start":{"line":72,"column":2},"end":{"line":78,"column":3}},"type":"if","locations":[{"start":{"line":72,"column":2},"end":{"line":78,"column":3}},{"start":{"line":76,"column":9},"end":{"line":78,"column":3}}],"line":72},"3":{"loc":{"start":{"line":89,"column":4},"end":{"line":91,"column":5}},"type":"if","locations":[{"start":{"line":89,"column":4},"end":{"line":91,"column":5}},{"start":{},"end":{}}],"line":89},"4":{"loc":{"start":{"line":116,"column":2},"end":{"line":118,"column":3}},"type":"if","locations":[{"start":{"line":116,"column":2},"end":{"line":118,"column":3}},{"start":{},"end":{}}],"line":116},"5":{"loc":{"start":{"line":128,"column":4},"end":{"line":130,"column":5}},"type":"if","locations":[{"start":{"line":128,"column":4},"end":{"line":130,"column":5}},{"start":{},"end":{}}],"line":128},"6":{"loc":{"start":{"line":148,"column":4},"end":{"line":150,"column":5}},"type":"if","locations":[{"start":{"line":148,"column":4},"end":{"line":150,"column":5}},{"start":{},"end":{}}],"line":148},"7":{"loc":{"start":{"line":160,"column":2},"end":{"line":162,"column":3}},"type":"if","locations":[{"start":{"line":160,"column":2},"end":{"line":162,"column":3}},{"start":{},"end":{}}],"line":160},"8":{"loc":{"start":{"line":174,"column":4},"end":{"line":176,"column":5}},"type":"if","locations":[{"start":{"line":174,"column":4},"end":{"line":176,"column":5}},{"start":{},"end":{}}],"line":174},"9":{"loc":{"start":{"line":197,"column":4},"end":{"line":199,"column":5}},"type":"if","locations":[{"start":{"line":197,"column":4},"end":{"line":199,"column":5}},{"start":{},"end":{}}],"line":197},"10":{"loc":{"start":{"line":204,"column":62},"end":{"line":204,"column":113}},"type":"cond-expr","locations":[{"start":{"line":204,"column":89},"end":{"line":204,"column":99}},{"start":{"line":204,"column":102},"end":{"line":204,"column":113}}],"line":204},"11":{"loc":{"start":{"line":205,"column":58},"end":{"line":205,"column":112}},"type":"cond-expr","locations":[{"start":{"line":205,"column":87},"end":{"line":205,"column":100}},{"start":{"line":205,"column":103},"end":{"line":205,"column":112}}],"line":205},"12":{"loc":{"start":{"line":206,"column":63},"end":{"line":206,"column":116}},"type":"cond-expr","locations":[{"start":{"line":206,"column":91},"end":{"line":206,"column":104}},{"start":{"line":206,"column":107},"end":{"line":206,"column":116}}],"line":206},"13":{"loc":{"start":{"line":209,"column":65},"end":{"line":209,"column":113}},"type":"cond-expr","locations":[{"start":{"line":209,"column":89},"end":{"line":209,"column":99}},{"start":{"line":209,"column":102},"end":{"line":209,"column":113}}],"line":209},"14":{"loc":{"start":{"line":210,"column":61},"end":{"line":210,"column":112}},"type":"cond-expr","locations":[{"start":{"line":210,"column":87},"end":{"line":210,"column":100}},{"start":{"line":210,"column":103},"end":{"line":210,"column":112}}],"line":210},"15":{"loc":{"start":{"line":211,"column":66},"end":{"line":211,"column":116}},"type":"cond-expr","locations":[{"start":{"line":211,"column":91},"end":{"line":211,"column":104}},{"start":{"line":211,"column":107},"end":{"line":211,"column":116}}],"line":211},"16":{"loc":{"start":{"line":218,"column":2},"end":{"line":218,"column":36}},"type":"if","locations":[{"start":{"line":218,"column":2},"end":{"line":218,"column":36}},{"start":{},"end":{}}],"line":218}},"s":{"0":1,"1":1,"2":4,"3":4,"4":1,"5":1,"6":3,"7":3,"8":1,"9":1,"10":2,"11":2,"12":1,"13":1,"14":1,"15":1,"16":3,"17":3,"18":1,"19":1,"20":2,"21":2,"22":1,"23":1,"24":5,"25":5,"26":4,"27":3,"28":1,"29":2,"30":3,"31":2,"32":2,"33":1,"34":1,"35":1,"36":1,"37":6,"38":6,"39":5,"40":1,"41":4,"42":3,"43":3,"44":3,"45":1,"46":1,"47":1,"48":4,"49":5,"50":1,"51":4,"52":4,"53":3,"54":1,"55":2,"56":1,"57":1,"58":3,"59":4,"60":4,"61":3,"62":1,"63":2,"64":1,"65":3,"66":5,"67":1,"68":4,"69":4,"70":3,"71":1,"72":2,"73":2,"74":1,"75":1,"76":3,"77":4,"78":4,"79":3,"80":1,"81":2,"82":1,"83":1,"84":1,"85":1,"86":1,"87":1,"88":3,"89":6,"90":1,"91":5,"92":5,"93":5,"94":5},"f":{"0":4,"1":3,"2":5,"3":2,"4":6,"5":1,"6":5,"7":4,"8":5,"9":4,"10":6},"b":{"0":[1,3],"1":[1,2],"2":[1,1],"3":[1,4],"4":[1,4],"5":[1,2],"6":[1,2],"7":[1,4],"8":[1,2],"9":[1,2],"10":[1,0],"11":[1,0],"12":[0,1],"13":[1,0],"14":[0,1],"15":[1,0],"16":[1,5]},"_coverageSchema":"1a1c01bbd47fc00a2c39e90264f33305004495a9","hash":"ab59a3620775728f186fe945e6cca84f32e26518"}
}
