TN:
SF:src/js/db.js
FN:2,(anonymous_0)
FN:7,(anonymous_1)
FN:9,(anonymous_2)
FN:12,(anonymous_3)
FN:13,(anonymous_4)
FN:18,(anonymous_5)
FN:27,(anonymous_6)
FN:28,(anonymous_7)
FN:33,(anonymous_8)
FN:34,(anonymous_9)
FN:38,(anonymous_10)
FN:39,(anonymous_11)
FN:44,(anonymous_12)
FN:45,(anonymous_13)
FNF:14
FNH:14
FNDA:10,(anonymous_0)
FNDA:5,(anonymous_1)
FNDA:5,(anonymous_2)
FNDA:2,(anonymous_3)
FNDA:3,(anonymous_4)
FNDA:3,(anonymous_5)
FNDA:3,(anonymous_6)
FNDA:3,(anonymous_7)
FNDA:1,(anonymous_8)
FNDA:2,(anonymous_9)
FNDA:2,(anonymous_10)
FNDA:2,(anonymous_11)
FNDA:1,(anonymous_12)
FNDA:1,(anonymous_13)
DA:3,10
DA:4,10
DA:8,5
DA:9,5
DA:10,5
DA:12,5
DA:13,5
DA:14,3
DA:15,3
DA:18,5
DA:19,3
DA:20,3
DA:21,2
DA:28,3
DA:29,3
DA:30,3
DA:31,3
DA:33,3
DA:34,3
DA:39,2
DA:40,2
DA:41,2
DA:42,2
DA:44,2
DA:45,2
LF:25
LH:25
BRDA:20,0,0,2
BRDA:20,0,1,1
BRDA:34,1,0,2
BRDA:34,1,1,1
BRF:4
BRH:4
end_of_record
TN:
SF:src/js/main.js
FN:6,initializeClient
FN:32,saveData
FN:49,syncData
FN:70,loginAdmin
FN:81,refreshStats
FN:97,(anonymous_5)
FN:115,deleteClient
FN:140,viewClientData
FN:159,triggerWorkflow
FN:189,checkSystemStatus
FN:217,formatBytes
FNF:11
FNH:11
FNDA:4,initializeClient
FNDA:3,saveData
FNDA:5,syncData
FNDA:2,loginAdmin
FNDA:6,refreshStats
FNDA:1,(anonymous_5)
FNDA:5,deleteClient
FNDA:4,viewClientData
FNDA:5,triggerWorkflow
FNDA:4,checkSystemStatus
FNDA:6,formatBytes
DA:3,1
DA:4,1
DA:7,4
DA:8,4
DA:9,1
DA:10,1
DA:13,3
DA:14,3
DA:16,1
DA:17,1
DA:20,2
DA:21,2
DA:22,1
DA:23,1
DA:26,1
DA:28,1
DA:34,3
DA:35,3
DA:37,1
DA:38,1
DA:41,2
DA:42,2
DA:43,1
DA:45,1
DA:50,5
DA:51,5
DA:52,4
DA:60,3
DA:61,1
DA:64,2
DA:66,3
DA:71,2
DA:72,2
DA:73,1
DA:74,1
DA:75,1
DA:77,1
DA:82,6
DA:83,6
DA:89,5
DA:90,1
DA:93,4
DA:94,3
DA:95,3
DA:97,3
DA:98,1
DA:99,1
DA:108,1
DA:111,4
DA:116,5
DA:117,1
DA:120,4
DA:121,4
DA:128,3
DA:129,1
DA:132,2
DA:133,1
DA:134,1
DA:136,3
DA:141,4
DA:142,4
DA:148,3
DA:149,1
DA:152,2
DA:153,1
DA:155,3
DA:160,5
DA:161,1
DA:164,4
DA:165,4
DA:174,3
DA:175,1
DA:178,2
DA:179,2
DA:180,1
DA:182,1
DA:185,3
DA:190,4
DA:191,4
DA:197,3
DA:198,1
DA:201,2
DA:204,1
DA:205,1
DA:206,1
DA:209,1
DA:210,1
DA:211,1
DA:213,3
DA:218,6
DA:219,5
DA:220,5
DA:221,5
DA:222,5
LF:94
LH:94
BRDA:8,0,0,1
BRDA:8,0,1,3
BRDA:60,1,0,1
BRDA:60,1,1,2
BRDA:72,2,0,1
BRDA:72,2,1,1
BRDA:89,3,0,1
BRDA:89,3,1,4
BRDA:116,4,0,1
BRDA:116,4,1,4
BRDA:128,5,0,1
BRDA:128,5,1,2
BRDA:148,6,0,1
BRDA:148,6,1,2
BRDA:160,7,0,1
BRDA:160,7,1,4
BRDA:174,8,0,1
BRDA:174,8,1,2
BRDA:197,9,0,1
BRDA:197,9,1,2
BRDA:204,10,0,1
BRDA:204,10,1,0
BRDA:205,11,0,1
BRDA:205,11,1,0
BRDA:206,12,0,0
BRDA:206,12,1,1
BRDA:209,13,0,1
BRDA:209,13,1,0
BRDA:210,14,0,0
BRDA:210,14,1,1
BRDA:211,15,0,1
BRDA:211,15,1,0
BRDA:218,16,0,1
BRDA:218,16,1,5
BRF:34
BRH:28
end_of_record
